{"/Users/eitanprince/Documents/Projects/chartless/dist/index.js": {"path":"/Users/eitanprince/Documents/Projects/chartless/dist/index.js","all":false,"statementMap":{"0":{"start":{"line":1,"column":0},"end":{"line":1,"column":13}},"1":{"start":{"line":2,"column":0},"end":{"line":2,"column":62}},"2":{"start":{"line":3,"column":0},"end":{"line":3,"column":231}},"3":{"start":{"line":4,"column":0},"end":{"line":4,"column":31}},"4":{"start":{"line":5,"column":0},"end":{"line":5,"column":29}},"5":{"start":{"line":6,"column":0},"end":{"line":6,"column":55}},"6":{"start":{"line":7,"column":0},"end":{"line":7,"column":76}},"7":{"start":{"line":8,"column":0},"end":{"line":8,"column":60}},"8":{"start":{"line":9,"column":0},"end":{"line":9,"column":54}},"9":{"start":{"line":10,"column":0},"end":{"line":10,"column":1}},"10":{"start":{"line":11,"column":0},"end":{"line":11,"column":44}},"11":{"start":{"line":12,"column":0},"end":{"line":12,"column":48}},"12":{"start":{"line":13,"column":0},"end":{"line":13,"column":77}},"13":{"start":{"line":14,"column":0},"end":{"line":14,"column":1}},"14":{"start":{"line":15,"column":0},"end":{"line":15,"column":44}},"15":{"start":{"line":16,"column":0},"end":{"line":16,"column":45}},"16":{"start":{"line":17,"column":0},"end":{"line":17,"column":95}},"17":{"start":{"line":18,"column":0},"end":{"line":18,"column":1}},"18":{"start":{"line":19,"column":0},"end":{"line":19,"column":38}},"19":{"start":{"line":20,"column":0},"end":{"line":20,"column":22}},"20":{"start":{"line":21,"column":0},"end":{"line":21,"column":53}},"21":{"start":{"line":22,"column":0},"end":{"line":22,"column":1}},"22":{"start":{"line":23,"column":0},"end":{"line":23,"column":20}},"23":{"start":{"line":24,"column":0},"end":{"line":24,"column":31}},"24":{"start":{"line":25,"column":0},"end":{"line":25,"column":25}},"25":{"start":{"line":26,"column":0},"end":{"line":26,"column":31}},"26":{"start":{"line":27,"column":0},"end":{"line":27,"column":25}},"27":{"start":{"line":28,"column":0},"end":{"line":28,"column":40}},"28":{"start":{"line":29,"column":0},"end":{"line":29,"column":38}},"29":{"start":{"line":30,"column":0},"end":{"line":30,"column":71}},"30":{"start":{"line":31,"column":0},"end":{"line":31,"column":69}},"31":{"start":{"line":32,"column":0},"end":{"line":32,"column":161}},"32":{"start":{"line":33,"column":0},"end":{"line":33,"column":1}},"33":{"start":{"line":34,"column":0},"end":{"line":34,"column":24}},"34":{"start":{"line":35,"column":0},"end":{"line":35,"column":33}},"35":{"start":{"line":36,"column":0},"end":{"line":36,"column":52}},"36":{"start":{"line":37,"column":0},"end":{"line":37,"column":22}},"37":{"start":{"line":38,"column":0},"end":{"line":38,"column":55}},"38":{"start":{"line":39,"column":0},"end":{"line":39,"column":95}},"39":{"start":{"line":40,"column":0},"end":{"line":40,"column":11}},"40":{"start":{"line":41,"column":0},"end":{"line":41,"column":1}},"41":{"start":{"line":42,"column":0},"end":{"line":42,"column":22}},"42":{"start":{"line":43,"column":0},"end":{"line":43,"column":30}},"43":{"start":{"line":44,"column":0},"end":{"line":44,"column":62}},"44":{"start":{"line":45,"column":0},"end":{"line":45,"column":1}},"45":{"start":{"line":46,"column":0},"end":{"line":46,"column":18}},"46":{"start":{"line":47,"column":0},"end":{"line":47,"column":30}},"47":{"start":{"line":48,"column":0},"end":{"line":48,"column":62}},"48":{"start":{"line":49,"column":0},"end":{"line":49,"column":1}},"49":{"start":{"line":50,"column":0},"end":{"line":50,"column":18}},"50":{"start":{"line":51,"column":0},"end":{"line":51,"column":26}},"51":{"start":{"line":52,"column":0},"end":{"line":52,"column":46}},"52":{"start":{"line":53,"column":0},"end":{"line":53,"column":1}},"53":{"start":{"line":54,"column":0},"end":{"line":54,"column":22}},"54":{"start":{"line":55,"column":0},"end":{"line":55,"column":36}},"55":{"start":{"line":56,"column":0},"end":{"line":56,"column":38}},"56":{"start":{"line":57,"column":0},"end":{"line":57,"column":61}},"57":{"start":{"line":58,"column":0},"end":{"line":58,"column":24}},"58":{"start":{"line":59,"column":0},"end":{"line":59,"column":1}},"59":{"start":{"line":60,"column":0},"end":{"line":60,"column":42}},"60":{"start":{"line":61,"column":0},"end":{"line":61,"column":30}},"61":{"start":{"line":62,"column":0},"end":{"line":62,"column":57}},"62":{"start":{"line":63,"column":0},"end":{"line":63,"column":59}},"63":{"start":{"line":64,"column":0},"end":{"line":64,"column":32}},"64":{"start":{"line":65,"column":0},"end":{"line":65,"column":1}},"65":{"start":{"line":66,"column":0},"end":{"line":66,"column":46}}},"s":{"0":1,"1":1,"2":1,"3":1,"4":2,"5":2,"6":2,"7":2,"8":2,"9":2,"10":1,"11":1,"12":1,"13":1,"14":1,"15":1,"16":1,"17":1,"18":1,"19":3,"20":3,"21":3,"22":1,"23":2,"24":2,"25":2,"26":2,"27":2,"28":2,"29":2,"30":2,"31":2,"32":2,"33":1,"34":2,"35":2,"36":6,"37":6,"38":6,"39":2,"40":2,"41":1,"42":5,"43":5,"44":5,"45":1,"46":5,"47":5,"48":5,"49":1,"50":5,"51":5,"52":5,"53":1,"54":1,"55":1,"56":1,"57":1,"58":1,"59":1,"60":1,"61":1,"62":1,"63":1,"64":1,"65":1},"branchMap":{"0":{"type":"branch","line":1,"loc":{"start":{"line":1,"column":0},"end":{"line":66,"column":46}},"locations":[{"start":{"line":1,"column":0},"end":{"line":66,"column":46}}]},"1":{"type":"branch","line":1,"loc":{"start":{"line":1,"column":0},"end":{"line":66,"column":46}},"locations":[{"start":{"line":1,"column":0},"end":{"line":66,"column":46}}]},"2":{"type":"branch","line":5,"loc":{"start":{"line":5,"column":0},"end":{"line":10,"column":1}},"locations":[{"start":{"line":5,"column":0},"end":{"line":10,"column":1}}]},"3":{"type":"branch","line":12,"loc":{"start":{"line":12,"column":0},"end":{"line":14,"column":1}},"locations":[{"start":{"line":12,"column":0},"end":{"line":14,"column":1}}]},"4":{"type":"branch","line":16,"loc":{"start":{"line":16,"column":0},"end":{"line":18,"column":1}},"locations":[{"start":{"line":16,"column":0},"end":{"line":18,"column":1}}]},"5":{"type":"branch","line":17,"loc":{"start":{"line":17,"column":23},"end":{"line":17,"column":93}},"locations":[{"start":{"line":17,"column":23},"end":{"line":17,"column":93}}]},"6":{"type":"branch","line":20,"loc":{"start":{"line":20,"column":0},"end":{"line":22,"column":1}},"locations":[{"start":{"line":20,"column":0},"end":{"line":22,"column":1}}]},"7":{"type":"branch","line":24,"loc":{"start":{"line":24,"column":0},"end":{"line":33,"column":1}},"locations":[{"start":{"line":24,"column":0},"end":{"line":33,"column":1}}]},"8":{"type":"branch","line":28,"loc":{"start":{"line":28,"column":30},"end":{"line":28,"column":39}},"locations":[{"start":{"line":28,"column":30},"end":{"line":28,"column":39}}]},"9":{"type":"branch","line":29,"loc":{"start":{"line":29,"column":30},"end":{"line":29,"column":37}},"locations":[{"start":{"line":29,"column":30},"end":{"line":29,"column":37}}]},"10":{"type":"branch","line":35,"loc":{"start":{"line":35,"column":0},"end":{"line":41,"column":1}},"locations":[{"start":{"line":35,"column":0},"end":{"line":41,"column":1}}]},"11":{"type":"branch","line":36,"loc":{"start":{"line":36,"column":25},"end":{"line":40,"column":5}},"locations":[{"start":{"line":36,"column":25},"end":{"line":40,"column":5}}]},"12":{"type":"branch","line":38,"loc":{"start":{"line":38,"column":12},"end":{"line":38,"column":55}},"locations":[{"start":{"line":38,"column":12},"end":{"line":38,"column":55}}]},"13":{"type":"branch","line":39,"loc":{"start":{"line":39,"column":12},"end":{"line":39,"column":94}},"locations":[{"start":{"line":39,"column":12},"end":{"line":39,"column":94}}]},"14":{"type":"branch","line":39,"loc":{"start":{"line":39,"column":58},"end":{"line":39,"column":71}},"locations":[{"start":{"line":39,"column":58},"end":{"line":39,"column":71}}]},"15":{"type":"branch","line":39,"loc":{"start":{"line":39,"column":72},"end":{"line":39,"column":93}},"locations":[{"start":{"line":39,"column":72},"end":{"line":39,"column":93}}]},"16":{"type":"branch","line":43,"loc":{"start":{"line":43,"column":0},"end":{"line":45,"column":1}},"locations":[{"start":{"line":43,"column":0},"end":{"line":45,"column":1}}]},"17":{"type":"branch","line":47,"loc":{"start":{"line":47,"column":0},"end":{"line":49,"column":1}},"locations":[{"start":{"line":47,"column":0},"end":{"line":49,"column":1}}]},"18":{"type":"branch","line":51,"loc":{"start":{"line":51,"column":0},"end":{"line":53,"column":1}},"locations":[{"start":{"line":51,"column":0},"end":{"line":53,"column":1}}]},"19":{"type":"branch","line":55,"loc":{"start":{"line":55,"column":0},"end":{"line":59,"column":1}},"locations":[{"start":{"line":55,"column":0},"end":{"line":59,"column":1}}]},"20":{"type":"branch","line":61,"loc":{"start":{"line":61,"column":0},"end":{"line":65,"column":1}},"locations":[{"start":{"line":61,"column":0},"end":{"line":65,"column":1}}]}},"b":{"0":[1],"1":[1],"2":[2],"3":[1],"4":[1],"5":[1],"6":[3],"7":[2],"8":[1],"9":[1],"10":[2],"11":[6],"12":[2],"13":[4],"14":[2],"15":[2],"16":[5],"17":[5],"18":[5],"19":[1],"20":[1]},"fnMap":{"0":{"name":"Object.<anonymous>","decl":{"start":{"line":1,"column":0},"end":{"line":66,"column":46}},"loc":{"start":{"line":1,"column":0},"end":{"line":66,"column":46}},"line":1},"1":{"name":"generateDocument","decl":{"start":{"line":5,"column":0},"end":{"line":10,"column":1}},"loc":{"start":{"line":5,"column":0},"end":{"line":10,"column":1}},"line":5},"2":{"name":"createSvgElement","decl":{"start":{"line":12,"column":0},"end":{"line":14,"column":1}},"loc":{"start":{"line":12,"column":0},"end":{"line":14,"column":1}},"line":12},"3":{"name":"setAttributes","decl":{"start":{"line":16,"column":0},"end":{"line":18,"column":1}},"loc":{"start":{"line":16,"column":0},"end":{"line":18,"column":1}},"line":16},"4":{"name":"line","decl":{"start":{"line":20,"column":0},"end":{"line":22,"column":1}},"loc":{"start":{"line":20,"column":0},"end":{"line":22,"column":1}},"line":20},"5":{"name":"smooth","decl":{"start":{"line":24,"column":0},"end":{"line":33,"column":1}},"loc":{"start":{"line":24,"column":0},"end":{"line":33,"column":1}},"line":24},"6":{"name":"pathD","decl":{"start":{"line":35,"column":0},"end":{"line":41,"column":1}},"loc":{"start":{"line":35,"column":0},"end":{"line":41,"column":1}},"line":35},"7":{"name":"add","decl":{"start":{"line":43,"column":0},"end":{"line":45,"column":1}},"loc":{"start":{"line":43,"column":0},"end":{"line":45,"column":1}},"line":43},"8":{"name":"sub","decl":{"start":{"line":47,"column":0},"end":{"line":49,"column":1}},"loc":{"start":{"line":47,"column":0},"end":{"line":49,"column":1}},"line":47},"9":{"name":"scale","decl":{"start":{"line":51,"column":0},"end":{"line":53,"column":1}},"loc":{"start":{"line":51,"column":0},"end":{"line":53,"column":1}},"line":51},"10":{"name":"getRandomNumber","decl":{"start":{"line":55,"column":0},"end":{"line":59,"column":1}},"loc":{"start":{"line":55,"column":0},"end":{"line":59,"column":1}},"line":55},"11":{"name":"getRandomHexColor","decl":{"start":{"line":61,"column":0},"end":{"line":65,"column":1}},"loc":{"start":{"line":61,"column":0},"end":{"line":65,"column":1}},"line":61}},"f":{"0":1,"1":2,"2":1,"3":1,"4":3,"5":2,"6":2,"7":5,"8":5,"9":5,"10":1,"11":1}}
,"/Users/eitanprince/Documents/Projects/chartless/dist/src/index.js": {"path":"/Users/eitanprince/Documents/Projects/chartless/dist/src/index.js","all":false,"statementMap":{"0":{"start":{"line":1,"column":0},"end":{"line":1,"column":13}},"1":{"start":{"line":2,"column":0},"end":{"line":2,"column":62}},"2":{"start":{"line":3,"column":0},"end":{"line":3,"column":31}},"3":{"start":{"line":4,"column":0},"end":{"line":4,"column":44}},"4":{"start":{"line":5,"column":0},"end":{"line":5,"column":26}},"5":{"start":{"line":6,"column":0},"end":{"line":6,"column":5}},"6":{"start":{"line":7,"column":0},"end":{"line":7,"column":46}},"7":{"start":{"line":8,"column":0},"end":{"line":8,"column":59}},"8":{"start":{"line":9,"column":0},"end":{"line":9,"column":80}},"9":{"start":{"line":10,"column":0},"end":{"line":10,"column":64}},"10":{"start":{"line":11,"column":0},"end":{"line":11,"column":58}},"11":{"start":{"line":12,"column":0},"end":{"line":12,"column":6}},"12":{"start":{"line":13,"column":0},"end":{"line":13,"column":65}},"13":{"start":{"line":14,"column":0},"end":{"line":14,"column":81}},"14":{"start":{"line":15,"column":0},"end":{"line":15,"column":6}},"15":{"start":{"line":16,"column":0},"end":{"line":16,"column":62}},"16":{"start":{"line":17,"column":0},"end":{"line":17,"column":99}},"17":{"start":{"line":18,"column":0},"end":{"line":18,"column":6}},"18":{"start":{"line":19,"column":0},"end":{"line":19,"column":39}},"19":{"start":{"line":20,"column":0},"end":{"line":20,"column":57}},"20":{"start":{"line":21,"column":0},"end":{"line":21,"column":6}},"21":{"start":{"line":22,"column":0},"end":{"line":22,"column":48}},"22":{"start":{"line":23,"column":0},"end":{"line":23,"column":29}},"23":{"start":{"line":24,"column":0},"end":{"line":24,"column":35}},"24":{"start":{"line":25,"column":0},"end":{"line":25,"column":29}},"25":{"start":{"line":26,"column":0},"end":{"line":26,"column":44}},"26":{"start":{"line":27,"column":0},"end":{"line":27,"column":42}},"27":{"start":{"line":28,"column":0},"end":{"line":28,"column":90}},"28":{"start":{"line":29,"column":0},"end":{"line":29,"column":88}},"29":{"start":{"line":30,"column":0},"end":{"line":30,"column":165}},"30":{"start":{"line":31,"column":0},"end":{"line":31,"column":6}},"31":{"start":{"line":32,"column":0},"end":{"line":32,"column":50}},"32":{"start":{"line":33,"column":0},"end":{"line":33,"column":25}},"33":{"start":{"line":34,"column":0},"end":{"line":34,"column":56}},"34":{"start":{"line":35,"column":0},"end":{"line":35,"column":26}},"35":{"start":{"line":36,"column":0},"end":{"line":36,"column":59}},"36":{"start":{"line":37,"column":0},"end":{"line":37,"column":111}},"37":{"start":{"line":38,"column":0},"end":{"line":38,"column":15}},"38":{"start":{"line":39,"column":0},"end":{"line":39,"column":6}},"39":{"start":{"line":40,"column":0},"end":{"line":40,"column":47}},"40":{"start":{"line":41,"column":0},"end":{"line":41,"column":66}},"41":{"start":{"line":42,"column":0},"end":{"line":42,"column":6}},"42":{"start":{"line":43,"column":0},"end":{"line":43,"column":47}},"43":{"start":{"line":44,"column":0},"end":{"line":44,"column":66}},"44":{"start":{"line":45,"column":0},"end":{"line":45,"column":6}},"45":{"start":{"line":46,"column":0},"end":{"line":46,"column":43}},"46":{"start":{"line":47,"column":0},"end":{"line":47,"column":50}},"47":{"start":{"line":48,"column":0},"end":{"line":48,"column":6}},"48":{"start":{"line":49,"column":0},"end":{"line":49,"column":53}},"49":{"start":{"line":50,"column":0},"end":{"line":50,"column":42}},"50":{"start":{"line":51,"column":0},"end":{"line":51,"column":65}},"51":{"start":{"line":52,"column":0},"end":{"line":52,"column":28}},"52":{"start":{"line":53,"column":0},"end":{"line":53,"column":6}},"53":{"start":{"line":54,"column":0},"end":{"line":54,"column":47}},"54":{"start":{"line":55,"column":0},"end":{"line":55,"column":61}},"55":{"start":{"line":56,"column":0},"end":{"line":56,"column":63}},"56":{"start":{"line":57,"column":0},"end":{"line":57,"column":36}},"57":{"start":{"line":58,"column":0},"end":{"line":58,"column":6}},"58":{"start":{"line":59,"column":0},"end":{"line":59,"column":21}},"59":{"start":{"line":60,"column":0},"end":{"line":60,"column":5}},"60":{"start":{"line":61,"column":0},"end":{"line":61,"column":28}}},"s":{"0":1,"1":1,"2":1,"3":1,"4":1,"5":0,"6":1,"7":2,"8":2,"9":2,"10":2,"11":1,"12":1,"13":1,"14":1,"15":1,"16":1,"17":1,"18":1,"19":3,"20":1,"21":1,"22":2,"23":2,"24":2,"25":2,"26":2,"27":2,"28":2,"29":2,"30":1,"31":1,"32":2,"33":2,"34":6,"35":6,"36":6,"37":2,"38":1,"39":1,"40":5,"41":1,"42":1,"43":5,"44":1,"45":1,"46":5,"47":1,"48":1,"49":1,"50":1,"51":1,"52":1,"53":1,"54":1,"55":1,"56":1,"57":1,"58":1,"59":1,"60":1},"branchMap":{"0":{"type":"branch","line":1,"loc":{"start":{"line":1,"column":0},"end":{"line":61,"column":28}},"locations":[{"start":{"line":1,"column":0},"end":{"line":61,"column":28}}]},"1":{"type":"branch","line":1,"loc":{"start":{"line":1,"column":0},"end":{"line":61,"column":28}},"locations":[{"start":{"line":1,"column":0},"end":{"line":61,"column":28}}]},"2":{"type":"branch","line":4,"loc":{"start":{"line":4,"column":31},"end":{"line":60,"column":1}},"locations":[{"start":{"line":4,"column":31},"end":{"line":60,"column":1}}]},"3":{"type":"branch","line":7,"loc":{"start":{"line":7,"column":33},"end":{"line":12,"column":5}},"locations":[{"start":{"line":7,"column":33},"end":{"line":12,"column":5}}]},"4":{"type":"branch","line":13,"loc":{"start":{"line":13,"column":33},"end":{"line":15,"column":5}},"locations":[{"start":{"line":13,"column":33},"end":{"line":15,"column":5}}]},"5":{"type":"branch","line":16,"loc":{"start":{"line":16,"column":30},"end":{"line":18,"column":5}},"locations":[{"start":{"line":16,"column":30},"end":{"line":18,"column":5}}]},"6":{"type":"branch","line":17,"loc":{"start":{"line":17,"column":27},"end":{"line":17,"column":97}},"locations":[{"start":{"line":17,"column":27},"end":{"line":17,"column":97}}]},"7":{"type":"branch","line":19,"loc":{"start":{"line":19,"column":21},"end":{"line":21,"column":5}},"locations":[{"start":{"line":19,"column":21},"end":{"line":21,"column":5}}]},"8":{"type":"branch","line":22,"loc":{"start":{"line":22,"column":23},"end":{"line":31,"column":5}},"locations":[{"start":{"line":22,"column":23},"end":{"line":31,"column":5}}]},"9":{"type":"branch","line":26,"loc":{"start":{"line":26,"column":34},"end":{"line":26,"column":43}},"locations":[{"start":{"line":26,"column":34},"end":{"line":26,"column":43}}]},"10":{"type":"branch","line":27,"loc":{"start":{"line":27,"column":34},"end":{"line":27,"column":41}},"locations":[{"start":{"line":27,"column":34},"end":{"line":27,"column":41}}]},"11":{"type":"branch","line":32,"loc":{"start":{"line":32,"column":22},"end":{"line":39,"column":5}},"locations":[{"start":{"line":32,"column":22},"end":{"line":39,"column":5}}]},"12":{"type":"branch","line":34,"loc":{"start":{"line":34,"column":29},"end":{"line":38,"column":9}},"locations":[{"start":{"line":34,"column":29},"end":{"line":38,"column":9}}]},"13":{"type":"branch","line":36,"loc":{"start":{"line":36,"column":16},"end":{"line":36,"column":59}},"locations":[{"start":{"line":36,"column":16},"end":{"line":36,"column":59}}]},"14":{"type":"branch","line":37,"loc":{"start":{"line":37,"column":16},"end":{"line":37,"column":110}},"locations":[{"start":{"line":37,"column":16},"end":{"line":37,"column":110}}]},"15":{"type":"branch","line":37,"loc":{"start":{"line":37,"column":62},"end":{"line":37,"column":81}},"locations":[{"start":{"line":37,"column":62},"end":{"line":37,"column":81}}]},"16":{"type":"branch","line":37,"loc":{"start":{"line":37,"column":82},"end":{"line":37,"column":109}},"locations":[{"start":{"line":37,"column":82},"end":{"line":37,"column":109}}]},"17":{"type":"branch","line":40,"loc":{"start":{"line":40,"column":20},"end":{"line":42,"column":5}},"locations":[{"start":{"line":40,"column":20},"end":{"line":42,"column":5}}]},"18":{"type":"branch","line":43,"loc":{"start":{"line":43,"column":20},"end":{"line":45,"column":5}},"locations":[{"start":{"line":43,"column":20},"end":{"line":45,"column":5}}]},"19":{"type":"branch","line":46,"loc":{"start":{"line":46,"column":22},"end":{"line":48,"column":5}},"locations":[{"start":{"line":46,"column":22},"end":{"line":48,"column":5}}]},"20":{"type":"branch","line":49,"loc":{"start":{"line":49,"column":32},"end":{"line":53,"column":5}},"locations":[{"start":{"line":49,"column":32},"end":{"line":53,"column":5}}]},"21":{"type":"branch","line":54,"loc":{"start":{"line":54,"column":34},"end":{"line":58,"column":5}},"locations":[{"start":{"line":54,"column":34},"end":{"line":58,"column":5}}]}},"b":{"0":[1],"1":[1],"2":[1],"3":[2],"4":[1],"5":[1],"6":[1],"7":[3],"8":[2],"9":[1],"10":[1],"11":[2],"12":[6],"13":[2],"14":[4],"15":[2],"16":[2],"17":[5],"18":[5],"19":[5],"20":[1],"21":[1]},"fnMap":{"0":{"name":"Object.<anonymous>","decl":{"start":{"line":1,"column":0},"end":{"line":61,"column":28}},"loc":{"start":{"line":1,"column":0},"end":{"line":61,"column":28}},"line":1},"1":{"name":"Chartless","decl":{"start":{"line":5,"column":4},"end":{"line":6,"column":5}},"loc":{"start":{"line":5,"column":4},"end":{"line":6,"column":5}},"line":5},"2":{"name":"Object.<anonymous>.Chartless.generateDocument","decl":{"start":{"line":7,"column":33},"end":{"line":12,"column":5}},"loc":{"start":{"line":7,"column":33},"end":{"line":12,"column":5}},"line":7},"3":{"name":"Object.<anonymous>.Chartless.createSvgElement","decl":{"start":{"line":13,"column":33},"end":{"line":15,"column":5}},"loc":{"start":{"line":13,"column":33},"end":{"line":15,"column":5}},"line":13},"4":{"name":"Object.<anonymous>.Chartless.setAttributes","decl":{"start":{"line":16,"column":30},"end":{"line":18,"column":5}},"loc":{"start":{"line":16,"column":30},"end":{"line":18,"column":5}},"line":16},"5":{"name":"Object.<anonymous>.Chartless.line","decl":{"start":{"line":19,"column":21},"end":{"line":21,"column":5}},"loc":{"start":{"line":19,"column":21},"end":{"line":21,"column":5}},"line":19},"6":{"name":"Object.<anonymous>.Chartless.smooth","decl":{"start":{"line":22,"column":23},"end":{"line":31,"column":5}},"loc":{"start":{"line":22,"column":23},"end":{"line":31,"column":5}},"line":22},"7":{"name":"Object.<anonymous>.Chartless.pathD","decl":{"start":{"line":32,"column":22},"end":{"line":39,"column":5}},"loc":{"start":{"line":32,"column":22},"end":{"line":39,"column":5}},"line":32},"8":{"name":"Object.<anonymous>.Chartless.add","decl":{"start":{"line":40,"column":20},"end":{"line":42,"column":5}},"loc":{"start":{"line":40,"column":20},"end":{"line":42,"column":5}},"line":40},"9":{"name":"Object.<anonymous>.Chartless.sub","decl":{"start":{"line":43,"column":20},"end":{"line":45,"column":5}},"loc":{"start":{"line":43,"column":20},"end":{"line":45,"column":5}},"line":43},"10":{"name":"Object.<anonymous>.Chartless.scale","decl":{"start":{"line":46,"column":22},"end":{"line":48,"column":5}},"loc":{"start":{"line":46,"column":22},"end":{"line":48,"column":5}},"line":46},"11":{"name":"Object.<anonymous>.Chartless.getRandomNumber","decl":{"start":{"line":49,"column":32},"end":{"line":53,"column":5}},"loc":{"start":{"line":49,"column":32},"end":{"line":53,"column":5}},"line":49},"12":{"name":"Object.<anonymous>.Chartless.getRandomHexColor","decl":{"start":{"line":54,"column":34},"end":{"line":58,"column":5}},"loc":{"start":{"line":54,"column":34},"end":{"line":58,"column":5}},"line":54}},"f":{"0":1,"1":0,"2":2,"3":1,"4":1,"5":3,"6":2,"7":2,"8":5,"9":5,"10":5,"11":1,"12":1}}
,"/Users/eitanprince/Documents/Projects/chartless/src/index.ts": {"path":"/Users/eitanprince/Documents/Projects/chartless/src/index.ts","all":false,"statementMap":{"0":{"start":{"line":1,"column":0},"end":{"line":1,"column":45}},"1":{"start":{"line":2,"column":0},"end":{"line":2,"column":30}},"2":{"start":{"line":3,"column":0},"end":{"line":3,"column":0}},"3":{"start":{"line":4,"column":0},"end":{"line":4,"column":63}},"4":{"start":{"line":5,"column":0},"end":{"line":5,"column":47}},"5":{"start":{"line":6,"column":0},"end":{"line":6,"column":76}},"6":{"start":{"line":7,"column":0},"end":{"line":7,"column":58}},"7":{"start":{"line":8,"column":0},"end":{"line":8,"column":52}},"8":{"start":{"line":9,"column":0},"end":{"line":9,"column":1}},"9":{"start":{"line":10,"column":0},"end":{"line":10,"column":0}},"10":{"start":{"line":11,"column":0},"end":{"line":11,"column":33}},"11":{"start":{"line":12,"column":0},"end":{"line":12,"column":21}},"12":{"start":{"line":13,"column":0},"end":{"line":13,"column":19}},"13":{"start":{"line":14,"column":0},"end":{"line":14,"column":15}},"14":{"start":{"line":15,"column":0},"end":{"line":15,"column":75}},"15":{"start":{"line":16,"column":0},"end":{"line":16,"column":1}},"16":{"start":{"line":17,"column":0},"end":{"line":17,"column":0}},"17":{"start":{"line":18,"column":0},"end":{"line":18,"column":30}},"18":{"start":{"line":19,"column":0},"end":{"line":19,"column":19}},"19":{"start":{"line":20,"column":0},"end":{"line":20,"column":46}},"20":{"start":{"line":21,"column":0},"end":{"line":21,"column":9}},"21":{"start":{"line":22,"column":0},"end":{"line":22,"column":75}},"22":{"start":{"line":23,"column":0},"end":{"line":23,"column":1}},"23":{"start":{"line":24,"column":0},"end":{"line":24,"column":0}},"24":{"start":{"line":25,"column":0},"end":{"line":25,"column":44}},"25":{"start":{"line":26,"column":0},"end":{"line":26,"column":35}},"26":{"start":{"line":27,"column":0},"end":{"line":27,"column":1}},"27":{"start":{"line":28,"column":0},"end":{"line":28,"column":0}},"28":{"start":{"line":29,"column":0},"end":{"line":29,"column":70}},"29":{"start":{"line":30,"column":0},"end":{"line":30,"column":25}},"30":{"start":{"line":31,"column":0},"end":{"line":31,"column":31}},"31":{"start":{"line":32,"column":0},"end":{"line":32,"column":25}},"32":{"start":{"line":33,"column":0},"end":{"line":33,"column":0}},"33":{"start":{"line":34,"column":0},"end":{"line":34,"column":40}},"34":{"start":{"line":35,"column":0},"end":{"line":35,"column":38}},"35":{"start":{"line":36,"column":0},"end":{"line":36,"column":0}},"36":{"start":{"line":37,"column":0},"end":{"line":37,"column":71}},"37":{"start":{"line":38,"column":0},"end":{"line":38,"column":69}},"38":{"start":{"line":39,"column":0},"end":{"line":39,"column":0}},"39":{"start":{"line":40,"column":0},"end":{"line":40,"column":103}},"40":{"start":{"line":41,"column":0},"end":{"line":41,"column":1}},"41":{"start":{"line":42,"column":0},"end":{"line":42,"column":0}},"42":{"start":{"line":43,"column":0},"end":{"line":43,"column":76}},"43":{"start":{"line":44,"column":0},"end":{"line":44,"column":23}},"44":{"start":{"line":45,"column":0},"end":{"line":45,"column":23}},"45":{"start":{"line":46,"column":0},"end":{"line":46,"column":13}},"46":{"start":{"line":47,"column":0},"end":{"line":47,"column":35}},"47":{"start":{"line":48,"column":0},"end":{"line":48,"column":75}},"48":{"start":{"line":49,"column":0},"end":{"line":49,"column":6}},"49":{"start":{"line":50,"column":0},"end":{"line":50,"column":4}},"50":{"start":{"line":51,"column":0},"end":{"line":51,"column":1}},"51":{"start":{"line":52,"column":0},"end":{"line":52,"column":0}},"52":{"start":{"line":53,"column":0},"end":{"line":53,"column":58}},"53":{"start":{"line":54,"column":0},"end":{"line":54,"column":60}},"54":{"start":{"line":55,"column":0},"end":{"line":55,"column":1}},"55":{"start":{"line":56,"column":0},"end":{"line":56,"column":0}},"56":{"start":{"line":57,"column":0},"end":{"line":57,"column":58}},"57":{"start":{"line":58,"column":0},"end":{"line":58,"column":60}},"58":{"start":{"line":59,"column":0},"end":{"line":59,"column":1}},"59":{"start":{"line":60,"column":0},"end":{"line":60,"column":0}},"60":{"start":{"line":61,"column":0},"end":{"line":61,"column":55}},"61":{"start":{"line":62,"column":0},"end":{"line":62,"column":44}},"62":{"start":{"line":63,"column":0},"end":{"line":63,"column":1}},"63":{"start":{"line":64,"column":0},"end":{"line":64,"column":0}},"64":{"start":{"line":65,"column":0},"end":{"line":65,"column":67}},"65":{"start":{"line":66,"column":0},"end":{"line":66,"column":38}},"66":{"start":{"line":67,"column":0},"end":{"line":67,"column":61}},"67":{"start":{"line":68,"column":0},"end":{"line":68,"column":0}},"68":{"start":{"line":69,"column":0},"end":{"line":69,"column":22}},"69":{"start":{"line":70,"column":0},"end":{"line":70,"column":1}},"70":{"start":{"line":71,"column":0},"end":{"line":71,"column":0}},"71":{"start":{"line":72,"column":0},"end":{"line":72,"column":45}},"72":{"start":{"line":73,"column":0},"end":{"line":73,"column":57}},"73":{"start":{"line":74,"column":0},"end":{"line":74,"column":59}},"74":{"start":{"line":75,"column":0},"end":{"line":75,"column":24}},"75":{"start":{"line":76,"column":0},"end":{"line":76,"column":1}}},"s":{"0":1,"1":1,"2":1,"3":2,"4":2,"5":2,"6":2,"7":2,"8":2,"9":1,"10":1,"11":1,"12":1,"13":1,"14":1,"15":1,"16":1,"17":1,"18":1,"19":1,"20":1,"21":1,"22":1,"23":1,"24":3,"25":3,"26":3,"27":1,"28":2,"29":2,"30":2,"31":2,"32":2,"33":2,"34":2,"35":2,"36":2,"37":2,"38":2,"39":2,"40":2,"41":1,"42":2,"43":2,"44":2,"45":2,"46":2,"47":2,"48":2,"49":2,"50":2,"51":1,"52":5,"53":5,"54":5,"55":1,"56":5,"57":5,"58":5,"59":1,"60":5,"61":5,"62":5,"63":1,"64":1,"65":1,"66":1,"67":1,"68":1,"69":1,"70":1,"71":1,"72":1,"73":1,"74":1,"75":1},"branchMap":{"0":{"type":"branch","line":4,"loc":{"start":{"line":4,"column":0},"end":{"line":9,"column":1}},"locations":[{"start":{"line":4,"column":0},"end":{"line":9,"column":1}}]},"1":{"type":"branch","line":11,"loc":{"start":{"line":11,"column":0},"end":{"line":16,"column":1}},"locations":[{"start":{"line":11,"column":0},"end":{"line":16,"column":1}}]},"2":{"type":"branch","line":18,"loc":{"start":{"line":18,"column":0},"end":{"line":23,"column":1}},"locations":[{"start":{"line":18,"column":0},"end":{"line":23,"column":1}}]},"3":{"type":"branch","line":22,"loc":{"start":{"line":22,"column":21},"end":{"line":22,"column":38}},"locations":[{"start":{"line":22,"column":21},"end":{"line":22,"column":38}}]},"4":{"type":"branch","line":25,"loc":{"start":{"line":25,"column":0},"end":{"line":27,"column":1}},"locations":[{"start":{"line":25,"column":0},"end":{"line":27,"column":1}}]},"5":{"type":"branch","line":29,"loc":{"start":{"line":29,"column":0},"end":{"line":41,"column":1}},"locations":[{"start":{"line":29,"column":0},"end":{"line":41,"column":1}}]},"6":{"type":"branch","line":34,"loc":{"start":{"line":34,"column":29},"end":{"line":34,"column":39}},"locations":[{"start":{"line":34,"column":29},"end":{"line":34,"column":39}}]},"7":{"type":"branch","line":35,"loc":{"start":{"line":35,"column":29},"end":{"line":35,"column":37}},"locations":[{"start":{"line":35,"column":29},"end":{"line":35,"column":37}}]},"8":{"type":"branch","line":43,"loc":{"start":{"line":43,"column":0},"end":{"line":51,"column":1}},"locations":[{"start":{"line":43,"column":0},"end":{"line":51,"column":1}}]},"9":{"type":"branch","line":45,"loc":{"start":{"line":45,"column":4},"end":{"line":46,"column":7}},"locations":[{"start":{"line":45,"column":4},"end":{"line":46,"column":7}}]},"10":{"type":"branch","line":47,"loc":{"start":{"line":47,"column":8},"end":{"line":47,"column":35}},"locations":[{"start":{"line":47,"column":8},"end":{"line":47,"column":35}}]},"11":{"type":"branch","line":48,"loc":{"start":{"line":48,"column":8},"end":{"line":48,"column":74}},"locations":[{"start":{"line":48,"column":8},"end":{"line":48,"column":74}}]},"12":{"type":"branch","line":48,"loc":{"start":{"line":48,"column":37},"end":{"line":48,"column":50}},"locations":[{"start":{"line":48,"column":37},"end":{"line":48,"column":50}}]},"13":{"type":"branch","line":48,"loc":{"start":{"line":48,"column":51},"end":{"line":48,"column":72}},"locations":[{"start":{"line":48,"column":51},"end":{"line":48,"column":72}}]},"14":{"type":"branch","line":53,"loc":{"start":{"line":53,"column":0},"end":{"line":55,"column":1}},"locations":[{"start":{"line":53,"column":0},"end":{"line":55,"column":1}}]},"15":{"type":"branch","line":57,"loc":{"start":{"line":57,"column":0},"end":{"line":59,"column":1}},"locations":[{"start":{"line":57,"column":0},"end":{"line":59,"column":1}}]},"16":{"type":"branch","line":61,"loc":{"start":{"line":61,"column":0},"end":{"line":63,"column":1}},"locations":[{"start":{"line":61,"column":0},"end":{"line":63,"column":1}}]},"17":{"type":"branch","line":65,"loc":{"start":{"line":65,"column":0},"end":{"line":70,"column":1}},"locations":[{"start":{"line":65,"column":0},"end":{"line":70,"column":1}}]},"18":{"type":"branch","line":72,"loc":{"start":{"line":72,"column":0},"end":{"line":76,"column":1}},"locations":[{"start":{"line":72,"column":0},"end":{"line":76,"column":1}}]}},"b":{"0":[2],"1":[1],"2":[1],"3":[1],"4":[3],"5":[2],"6":[1],"7":[1],"8":[2],"9":[6],"10":[2],"11":[4],"12":[2],"13":[2],"14":[5],"15":[5],"16":[5],"17":[1],"18":[1]},"fnMap":{"0":{"name":"generateDocument","decl":{"start":{"line":4,"column":0},"end":{"line":9,"column":1}},"loc":{"start":{"line":4,"column":0},"end":{"line":9,"column":1}},"line":4},"1":{"name":"createSvgElement","decl":{"start":{"line":11,"column":0},"end":{"line":16,"column":1}},"loc":{"start":{"line":11,"column":0},"end":{"line":16,"column":1}},"line":11},"2":{"name":"setAttributes","decl":{"start":{"line":18,"column":0},"end":{"line":23,"column":1}},"loc":{"start":{"line":18,"column":0},"end":{"line":23,"column":1}},"line":18},"3":{"name":"line","decl":{"start":{"line":25,"column":0},"end":{"line":27,"column":1}},"loc":{"start":{"line":25,"column":0},"end":{"line":27,"column":1}},"line":25},"4":{"name":"smooth","decl":{"start":{"line":29,"column":0},"end":{"line":41,"column":1}},"loc":{"start":{"line":29,"column":0},"end":{"line":41,"column":1}},"line":29},"5":{"name":"pathD","decl":{"start":{"line":43,"column":0},"end":{"line":51,"column":1}},"loc":{"start":{"line":43,"column":0},"end":{"line":51,"column":1}},"line":43},"6":{"name":"add","decl":{"start":{"line":53,"column":0},"end":{"line":55,"column":1}},"loc":{"start":{"line":53,"column":0},"end":{"line":55,"column":1}},"line":53},"7":{"name":"sub","decl":{"start":{"line":57,"column":0},"end":{"line":59,"column":1}},"loc":{"start":{"line":57,"column":0},"end":{"line":59,"column":1}},"line":57},"8":{"name":"scale","decl":{"start":{"line":61,"column":0},"end":{"line":63,"column":1}},"loc":{"start":{"line":61,"column":0},"end":{"line":63,"column":1}},"line":61},"9":{"name":"getRandomNumber","decl":{"start":{"line":65,"column":0},"end":{"line":70,"column":1}},"loc":{"start":{"line":65,"column":0},"end":{"line":70,"column":1}},"line":65},"10":{"name":"getRandomHexColor","decl":{"start":{"line":72,"column":0},"end":{"line":76,"column":1}},"loc":{"start":{"line":72,"column":0},"end":{"line":76,"column":1}},"line":72}},"f":{"0":2,"1":1,"2":1,"3":3,"4":2,"5":2,"6":5,"7":5,"8":5,"9":1,"10":1}}
}
