{"/Users/eitanprince/Documents/Projects/chartless/dist/index.js": {"path":"/Users/eitanprince/Documents/Projects/chartless/dist/index.js","all":false,"statementMap":{"0":{"start":{"line":1,"column":0},"end":{"line":1,"column":13}},"1":{"start":{"line":2,"column":0},"end":{"line":2,"column":62}},"2":{"start":{"line":3,"column":0},"end":{"line":3,"column":31}},"3":{"start":{"line":4,"column":0},"end":{"line":4,"column":44}},"4":{"start":{"line":5,"column":0},"end":{"line":5,"column":26}},"5":{"start":{"line":6,"column":0},"end":{"line":6,"column":5}},"6":{"start":{"line":7,"column":0},"end":{"line":7,"column":46}},"7":{"start":{"line":8,"column":0},"end":{"line":8,"column":59}},"8":{"start":{"line":9,"column":0},"end":{"line":9,"column":80}},"9":{"start":{"line":10,"column":0},"end":{"line":10,"column":64}},"10":{"start":{"line":11,"column":0},"end":{"line":11,"column":58}},"11":{"start":{"line":12,"column":0},"end":{"line":12,"column":6}},"12":{"start":{"line":13,"column":0},"end":{"line":13,"column":65}},"13":{"start":{"line":14,"column":0},"end":{"line":14,"column":81}},"14":{"start":{"line":15,"column":0},"end":{"line":15,"column":6}},"15":{"start":{"line":16,"column":0},"end":{"line":16,"column":62}},"16":{"start":{"line":17,"column":0},"end":{"line":17,"column":99}},"17":{"start":{"line":18,"column":0},"end":{"line":18,"column":6}},"18":{"start":{"line":19,"column":0},"end":{"line":19,"column":39}},"19":{"start":{"line":20,"column":0},"end":{"line":20,"column":57}},"20":{"start":{"line":21,"column":0},"end":{"line":21,"column":6}},"21":{"start":{"line":22,"column":0},"end":{"line":22,"column":48}},"22":{"start":{"line":23,"column":0},"end":{"line":23,"column":29}},"23":{"start":{"line":24,"column":0},"end":{"line":24,"column":35}},"24":{"start":{"line":25,"column":0},"end":{"line":25,"column":29}},"25":{"start":{"line":26,"column":0},"end":{"line":26,"column":44}},"26":{"start":{"line":27,"column":0},"end":{"line":27,"column":42}},"27":{"start":{"line":28,"column":0},"end":{"line":28,"column":90}},"28":{"start":{"line":29,"column":0},"end":{"line":29,"column":88}},"29":{"start":{"line":30,"column":0},"end":{"line":30,"column":165}},"30":{"start":{"line":31,"column":0},"end":{"line":31,"column":6}},"31":{"start":{"line":32,"column":0},"end":{"line":32,"column":50}},"32":{"start":{"line":33,"column":0},"end":{"line":33,"column":25}},"33":{"start":{"line":34,"column":0},"end":{"line":34,"column":56}},"34":{"start":{"line":35,"column":0},"end":{"line":35,"column":26}},"35":{"start":{"line":36,"column":0},"end":{"line":36,"column":59}},"36":{"start":{"line":37,"column":0},"end":{"line":37,"column":111}},"37":{"start":{"line":38,"column":0},"end":{"line":38,"column":15}},"38":{"start":{"line":39,"column":0},"end":{"line":39,"column":6}},"39":{"start":{"line":40,"column":0},"end":{"line":40,"column":47}},"40":{"start":{"line":41,"column":0},"end":{"line":41,"column":66}},"41":{"start":{"line":42,"column":0},"end":{"line":42,"column":6}},"42":{"start":{"line":43,"column":0},"end":{"line":43,"column":47}},"43":{"start":{"line":44,"column":0},"end":{"line":44,"column":66}},"44":{"start":{"line":45,"column":0},"end":{"line":45,"column":6}},"45":{"start":{"line":46,"column":0},"end":{"line":46,"column":43}},"46":{"start":{"line":47,"column":0},"end":{"line":47,"column":50}},"47":{"start":{"line":48,"column":0},"end":{"line":48,"column":6}},"48":{"start":{"line":49,"column":0},"end":{"line":49,"column":53}},"49":{"start":{"line":50,"column":0},"end":{"line":50,"column":42}},"50":{"start":{"line":51,"column":0},"end":{"line":51,"column":65}},"51":{"start":{"line":52,"column":0},"end":{"line":52,"column":28}},"52":{"start":{"line":53,"column":0},"end":{"line":53,"column":6}},"53":{"start":{"line":54,"column":0},"end":{"line":54,"column":47}},"54":{"start":{"line":55,"column":0},"end":{"line":55,"column":61}},"55":{"start":{"line":56,"column":0},"end":{"line":56,"column":63}},"56":{"start":{"line":57,"column":0},"end":{"line":57,"column":36}},"57":{"start":{"line":58,"column":0},"end":{"line":58,"column":6}},"58":{"start":{"line":59,"column":0},"end":{"line":59,"column":21}},"59":{"start":{"line":60,"column":0},"end":{"line":60,"column":5}},"60":{"start":{"line":61,"column":0},"end":{"line":61,"column":28}}},"s":{"0":1,"1":1,"2":1,"3":1,"4":1,"5":0,"6":1,"7":2,"8":2,"9":2,"10":2,"11":1,"12":1,"13":1,"14":1,"15":1,"16":1,"17":1,"18":1,"19":3,"20":1,"21":1,"22":2,"23":2,"24":2,"25":2,"26":2,"27":2,"28":2,"29":2,"30":1,"31":1,"32":2,"33":2,"34":6,"35":6,"36":6,"37":2,"38":1,"39":1,"40":5,"41":1,"42":1,"43":5,"44":1,"45":1,"46":5,"47":1,"48":1,"49":1,"50":1,"51":1,"52":1,"53":1,"54":1,"55":1,"56":1,"57":1,"58":1,"59":1,"60":1},"branchMap":{"0":{"type":"branch","line":1,"loc":{"start":{"line":1,"column":0},"end":{"line":61,"column":28}},"locations":[{"start":{"line":1,"column":0},"end":{"line":61,"column":28}}]},"1":{"type":"branch","line":1,"loc":{"start":{"line":1,"column":0},"end":{"line":61,"column":28}},"locations":[{"start":{"line":1,"column":0},"end":{"line":61,"column":28}}]},"2":{"type":"branch","line":4,"loc":{"start":{"line":4,"column":31},"end":{"line":60,"column":1}},"locations":[{"start":{"line":4,"column":31},"end":{"line":60,"column":1}}]},"3":{"type":"branch","line":7,"loc":{"start":{"line":7,"column":33},"end":{"line":12,"column":5}},"locations":[{"start":{"line":7,"column":33},"end":{"line":12,"column":5}}]},"4":{"type":"branch","line":13,"loc":{"start":{"line":13,"column":33},"end":{"line":15,"column":5}},"locations":[{"start":{"line":13,"column":33},"end":{"line":15,"column":5}}]},"5":{"type":"branch","line":16,"loc":{"start":{"line":16,"column":30},"end":{"line":18,"column":5}},"locations":[{"start":{"line":16,"column":30},"end":{"line":18,"column":5}}]},"6":{"type":"branch","line":17,"loc":{"start":{"line":17,"column":27},"end":{"line":17,"column":97}},"locations":[{"start":{"line":17,"column":27},"end":{"line":17,"column":97}}]},"7":{"type":"branch","line":19,"loc":{"start":{"line":19,"column":21},"end":{"line":21,"column":5}},"locations":[{"start":{"line":19,"column":21},"end":{"line":21,"column":5}}]},"8":{"type":"branch","line":22,"loc":{"start":{"line":22,"column":23},"end":{"line":31,"column":5}},"locations":[{"start":{"line":22,"column":23},"end":{"line":31,"column":5}}]},"9":{"type":"branch","line":26,"loc":{"start":{"line":26,"column":34},"end":{"line":26,"column":43}},"locations":[{"start":{"line":26,"column":34},"end":{"line":26,"column":43}}]},"10":{"type":"branch","line":27,"loc":{"start":{"line":27,"column":34},"end":{"line":27,"column":41}},"locations":[{"start":{"line":27,"column":34},"end":{"line":27,"column":41}}]},"11":{"type":"branch","line":32,"loc":{"start":{"line":32,"column":22},"end":{"line":39,"column":5}},"locations":[{"start":{"line":32,"column":22},"end":{"line":39,"column":5}}]},"12":{"type":"branch","line":34,"loc":{"start":{"line":34,"column":29},"end":{"line":38,"column":9}},"locations":[{"start":{"line":34,"column":29},"end":{"line":38,"column":9}}]},"13":{"type":"branch","line":36,"loc":{"start":{"line":36,"column":16},"end":{"line":36,"column":59}},"locations":[{"start":{"line":36,"column":16},"end":{"line":36,"column":59}}]},"14":{"type":"branch","line":37,"loc":{"start":{"line":37,"column":16},"end":{"line":37,"column":110}},"locations":[{"start":{"line":37,"column":16},"end":{"line":37,"column":110}}]},"15":{"type":"branch","line":37,"loc":{"start":{"line":37,"column":62},"end":{"line":37,"column":81}},"locations":[{"start":{"line":37,"column":62},"end":{"line":37,"column":81}}]},"16":{"type":"branch","line":37,"loc":{"start":{"line":37,"column":82},"end":{"line":37,"column":109}},"locations":[{"start":{"line":37,"column":82},"end":{"line":37,"column":109}}]},"17":{"type":"branch","line":40,"loc":{"start":{"line":40,"column":20},"end":{"line":42,"column":5}},"locations":[{"start":{"line":40,"column":20},"end":{"line":42,"column":5}}]},"18":{"type":"branch","line":43,"loc":{"start":{"line":43,"column":20},"end":{"line":45,"column":5}},"locations":[{"start":{"line":43,"column":20},"end":{"line":45,"column":5}}]},"19":{"type":"branch","line":46,"loc":{"start":{"line":46,"column":22},"end":{"line":48,"column":5}},"locations":[{"start":{"line":46,"column":22},"end":{"line":48,"column":5}}]},"20":{"type":"branch","line":49,"loc":{"start":{"line":49,"column":32},"end":{"line":53,"column":5}},"locations":[{"start":{"line":49,"column":32},"end":{"line":53,"column":5}}]},"21":{"type":"branch","line":54,"loc":{"start":{"line":54,"column":34},"end":{"line":58,"column":5}},"locations":[{"start":{"line":54,"column":34},"end":{"line":58,"column":5}}]}},"b":{"0":[1],"1":[1],"2":[1],"3":[2],"4":[1],"5":[1],"6":[1],"7":[3],"8":[2],"9":[1],"10":[1],"11":[2],"12":[6],"13":[2],"14":[4],"15":[2],"16":[2],"17":[5],"18":[5],"19":[5],"20":[1],"21":[1]},"fnMap":{"0":{"name":"Object.<anonymous>","decl":{"start":{"line":1,"column":0},"end":{"line":61,"column":28}},"loc":{"start":{"line":1,"column":0},"end":{"line":61,"column":28}},"line":1},"1":{"name":"Chartless","decl":{"start":{"line":5,"column":4},"end":{"line":6,"column":5}},"loc":{"start":{"line":5,"column":4},"end":{"line":6,"column":5}},"line":5},"2":{"name":"Object.<anonymous>.Chartless.generateDocument","decl":{"start":{"line":7,"column":33},"end":{"line":12,"column":5}},"loc":{"start":{"line":7,"column":33},"end":{"line":12,"column":5}},"line":7},"3":{"name":"Object.<anonymous>.Chartless.createSvgElement","decl":{"start":{"line":13,"column":33},"end":{"line":15,"column":5}},"loc":{"start":{"line":13,"column":33},"end":{"line":15,"column":5}},"line":13},"4":{"name":"Object.<anonymous>.Chartless.setAttributes","decl":{"start":{"line":16,"column":30},"end":{"line":18,"column":5}},"loc":{"start":{"line":16,"column":30},"end":{"line":18,"column":5}},"line":16},"5":{"name":"Object.<anonymous>.Chartless.line","decl":{"start":{"line":19,"column":21},"end":{"line":21,"column":5}},"loc":{"start":{"line":19,"column":21},"end":{"line":21,"column":5}},"line":19},"6":{"name":"Object.<anonymous>.Chartless.smooth","decl":{"start":{"line":22,"column":23},"end":{"line":31,"column":5}},"loc":{"start":{"line":22,"column":23},"end":{"line":31,"column":5}},"line":22},"7":{"name":"Object.<anonymous>.Chartless.pathD","decl":{"start":{"line":32,"column":22},"end":{"line":39,"column":5}},"loc":{"start":{"line":32,"column":22},"end":{"line":39,"column":5}},"line":32},"8":{"name":"Object.<anonymous>.Chartless.add","decl":{"start":{"line":40,"column":20},"end":{"line":42,"column":5}},"loc":{"start":{"line":40,"column":20},"end":{"line":42,"column":5}},"line":40},"9":{"name":"Object.<anonymous>.Chartless.sub","decl":{"start":{"line":43,"column":20},"end":{"line":45,"column":5}},"loc":{"start":{"line":43,"column":20},"end":{"line":45,"column":5}},"line":43},"10":{"name":"Object.<anonymous>.Chartless.scale","decl":{"start":{"line":46,"column":22},"end":{"line":48,"column":5}},"loc":{"start":{"line":46,"column":22},"end":{"line":48,"column":5}},"line":46},"11":{"name":"Object.<anonymous>.Chartless.getRandomNumber","decl":{"start":{"line":49,"column":32},"end":{"line":53,"column":5}},"loc":{"start":{"line":49,"column":32},"end":{"line":53,"column":5}},"line":49},"12":{"name":"Object.<anonymous>.Chartless.getRandomHexColor","decl":{"start":{"line":54,"column":34},"end":{"line":58,"column":5}},"loc":{"start":{"line":54,"column":34},"end":{"line":58,"column":5}},"line":54}},"f":{"0":1,"1":0,"2":2,"3":1,"4":1,"5":3,"6":2,"7":2,"8":5,"9":5,"10":5,"11":1,"12":1}}
,"/Users/eitanprince/Documents/Projects/chartless/dist/src/index.js": {"path":"/Users/eitanprince/Documents/Projects/chartless/dist/src/index.js","all":false,"statementMap":{"0":{"start":{"line":1,"column":0},"end":{"line":1,"column":13}},"1":{"start":{"line":2,"column":0},"end":{"line":2,"column":62}},"2":{"start":{"line":3,"column":0},"end":{"line":3,"column":31}},"3":{"start":{"line":4,"column":0},"end":{"line":4,"column":44}},"4":{"start":{"line":5,"column":0},"end":{"line":5,"column":26}},"5":{"start":{"line":6,"column":0},"end":{"line":6,"column":5}},"6":{"start":{"line":7,"column":0},"end":{"line":7,"column":46}},"7":{"start":{"line":8,"column":0},"end":{"line":8,"column":59}},"8":{"start":{"line":9,"column":0},"end":{"line":9,"column":80}},"9":{"start":{"line":10,"column":0},"end":{"line":10,"column":64}},"10":{"start":{"line":11,"column":0},"end":{"line":11,"column":58}},"11":{"start":{"line":12,"column":0},"end":{"line":12,"column":6}},"12":{"start":{"line":13,"column":0},"end":{"line":13,"column":65}},"13":{"start":{"line":14,"column":0},"end":{"line":14,"column":81}},"14":{"start":{"line":15,"column":0},"end":{"line":15,"column":6}},"15":{"start":{"line":16,"column":0},"end":{"line":16,"column":62}},"16":{"start":{"line":17,"column":0},"end":{"line":17,"column":99}},"17":{"start":{"line":18,"column":0},"end":{"line":18,"column":6}},"18":{"start":{"line":19,"column":0},"end":{"line":19,"column":39}},"19":{"start":{"line":20,"column":0},"end":{"line":20,"column":57}},"20":{"start":{"line":21,"column":0},"end":{"line":21,"column":6}},"21":{"start":{"line":22,"column":0},"end":{"line":22,"column":48}},"22":{"start":{"line":23,"column":0},"end":{"line":23,"column":29}},"23":{"start":{"line":24,"column":0},"end":{"line":24,"column":35}},"24":{"start":{"line":25,"column":0},"end":{"line":25,"column":29}},"25":{"start":{"line":26,"column":0},"end":{"line":26,"column":44}},"26":{"start":{"line":27,"column":0},"end":{"line":27,"column":42}},"27":{"start":{"line":28,"column":0},"end":{"line":28,"column":90}},"28":{"start":{"line":29,"column":0},"end":{"line":29,"column":88}},"29":{"start":{"line":30,"column":0},"end":{"line":30,"column":165}},"30":{"start":{"line":31,"column":0},"end":{"line":31,"column":6}},"31":{"start":{"line":32,"column":0},"end":{"line":32,"column":50}},"32":{"start":{"line":33,"column":0},"end":{"line":33,"column":25}},"33":{"start":{"line":34,"column":0},"end":{"line":34,"column":56}},"34":{"start":{"line":35,"column":0},"end":{"line":35,"column":26}},"35":{"start":{"line":36,"column":0},"end":{"line":36,"column":59}},"36":{"start":{"line":37,"column":0},"end":{"line":37,"column":111}},"37":{"start":{"line":38,"column":0},"end":{"line":38,"column":15}},"38":{"start":{"line":39,"column":0},"end":{"line":39,"column":6}},"39":{"start":{"line":40,"column":0},"end":{"line":40,"column":47}},"40":{"start":{"line":41,"column":0},"end":{"line":41,"column":66}},"41":{"start":{"line":42,"column":0},"end":{"line":42,"column":6}},"42":{"start":{"line":43,"column":0},"end":{"line":43,"column":47}},"43":{"start":{"line":44,"column":0},"end":{"line":44,"column":66}},"44":{"start":{"line":45,"column":0},"end":{"line":45,"column":6}},"45":{"start":{"line":46,"column":0},"end":{"line":46,"column":43}},"46":{"start":{"line":47,"column":0},"end":{"line":47,"column":50}},"47":{"start":{"line":48,"column":0},"end":{"line":48,"column":6}},"48":{"start":{"line":49,"column":0},"end":{"line":49,"column":53}},"49":{"start":{"line":50,"column":0},"end":{"line":50,"column":42}},"50":{"start":{"line":51,"column":0},"end":{"line":51,"column":65}},"51":{"start":{"line":52,"column":0},"end":{"line":52,"column":28}},"52":{"start":{"line":53,"column":0},"end":{"line":53,"column":6}},"53":{"start":{"line":54,"column":0},"end":{"line":54,"column":47}},"54":{"start":{"line":55,"column":0},"end":{"line":55,"column":61}},"55":{"start":{"line":56,"column":0},"end":{"line":56,"column":63}},"56":{"start":{"line":57,"column":0},"end":{"line":57,"column":36}},"57":{"start":{"line":58,"column":0},"end":{"line":58,"column":6}},"58":{"start":{"line":59,"column":0},"end":{"line":59,"column":21}},"59":{"start":{"line":60,"column":0},"end":{"line":60,"column":5}},"60":{"start":{"line":61,"column":0},"end":{"line":61,"column":28}}},"s":{"0":1,"1":1,"2":1,"3":1,"4":1,"5":0,"6":1,"7":2,"8":2,"9":2,"10":2,"11":1,"12":1,"13":1,"14":1,"15":1,"16":1,"17":1,"18":1,"19":3,"20":1,"21":1,"22":2,"23":2,"24":2,"25":2,"26":2,"27":2,"28":2,"29":2,"30":1,"31":1,"32":2,"33":2,"34":6,"35":6,"36":6,"37":2,"38":1,"39":1,"40":5,"41":1,"42":1,"43":5,"44":1,"45":1,"46":5,"47":1,"48":1,"49":1,"50":1,"51":1,"52":1,"53":1,"54":1,"55":1,"56":1,"57":1,"58":1,"59":1,"60":1},"branchMap":{"0":{"type":"branch","line":1,"loc":{"start":{"line":1,"column":0},"end":{"line":61,"column":28}},"locations":[{"start":{"line":1,"column":0},"end":{"line":61,"column":28}}]},"1":{"type":"branch","line":1,"loc":{"start":{"line":1,"column":0},"end":{"line":61,"column":28}},"locations":[{"start":{"line":1,"column":0},"end":{"line":61,"column":28}}]},"2":{"type":"branch","line":4,"loc":{"start":{"line":4,"column":31},"end":{"line":60,"column":1}},"locations":[{"start":{"line":4,"column":31},"end":{"line":60,"column":1}}]},"3":{"type":"branch","line":7,"loc":{"start":{"line":7,"column":33},"end":{"line":12,"column":5}},"locations":[{"start":{"line":7,"column":33},"end":{"line":12,"column":5}}]},"4":{"type":"branch","line":13,"loc":{"start":{"line":13,"column":33},"end":{"line":15,"column":5}},"locations":[{"start":{"line":13,"column":33},"end":{"line":15,"column":5}}]},"5":{"type":"branch","line":16,"loc":{"start":{"line":16,"column":30},"end":{"line":18,"column":5}},"locations":[{"start":{"line":16,"column":30},"end":{"line":18,"column":5}}]},"6":{"type":"branch","line":17,"loc":{"start":{"line":17,"column":27},"end":{"line":17,"column":97}},"locations":[{"start":{"line":17,"column":27},"end":{"line":17,"column":97}}]},"7":{"type":"branch","line":19,"loc":{"start":{"line":19,"column":21},"end":{"line":21,"column":5}},"locations":[{"start":{"line":19,"column":21},"end":{"line":21,"column":5}}]},"8":{"type":"branch","line":22,"loc":{"start":{"line":22,"column":23},"end":{"line":31,"column":5}},"locations":[{"start":{"line":22,"column":23},"end":{"line":31,"column":5}}]},"9":{"type":"branch","line":26,"loc":{"start":{"line":26,"column":34},"end":{"line":26,"column":43}},"locations":[{"start":{"line":26,"column":34},"end":{"line":26,"column":43}}]},"10":{"type":"branch","line":27,"loc":{"start":{"line":27,"column":34},"end":{"line":27,"column":41}},"locations":[{"start":{"line":27,"column":34},"end":{"line":27,"column":41}}]},"11":{"type":"branch","line":32,"loc":{"start":{"line":32,"column":22},"end":{"line":39,"column":5}},"locations":[{"start":{"line":32,"column":22},"end":{"line":39,"column":5}}]},"12":{"type":"branch","line":34,"loc":{"start":{"line":34,"column":29},"end":{"line":38,"column":9}},"locations":[{"start":{"line":34,"column":29},"end":{"line":38,"column":9}}]},"13":{"type":"branch","line":36,"loc":{"start":{"line":36,"column":16},"end":{"line":36,"column":59}},"locations":[{"start":{"line":36,"column":16},"end":{"line":36,"column":59}}]},"14":{"type":"branch","line":37,"loc":{"start":{"line":37,"column":16},"end":{"line":37,"column":110}},"locations":[{"start":{"line":37,"column":16},"end":{"line":37,"column":110}}]},"15":{"type":"branch","line":37,"loc":{"start":{"line":37,"column":62},"end":{"line":37,"column":81}},"locations":[{"start":{"line":37,"column":62},"end":{"line":37,"column":81}}]},"16":{"type":"branch","line":37,"loc":{"start":{"line":37,"column":82},"end":{"line":37,"column":109}},"locations":[{"start":{"line":37,"column":82},"end":{"line":37,"column":109}}]},"17":{"type":"branch","line":40,"loc":{"start":{"line":40,"column":20},"end":{"line":42,"column":5}},"locations":[{"start":{"line":40,"column":20},"end":{"line":42,"column":5}}]},"18":{"type":"branch","line":43,"loc":{"start":{"line":43,"column":20},"end":{"line":45,"column":5}},"locations":[{"start":{"line":43,"column":20},"end":{"line":45,"column":5}}]},"19":{"type":"branch","line":46,"loc":{"start":{"line":46,"column":22},"end":{"line":48,"column":5}},"locations":[{"start":{"line":46,"column":22},"end":{"line":48,"column":5}}]},"20":{"type":"branch","line":49,"loc":{"start":{"line":49,"column":32},"end":{"line":53,"column":5}},"locations":[{"start":{"line":49,"column":32},"end":{"line":53,"column":5}}]},"21":{"type":"branch","line":54,"loc":{"start":{"line":54,"column":34},"end":{"line":58,"column":5}},"locations":[{"start":{"line":54,"column":34},"end":{"line":58,"column":5}}]}},"b":{"0":[1],"1":[1],"2":[1],"3":[2],"4":[1],"5":[1],"6":[1],"7":[3],"8":[2],"9":[1],"10":[1],"11":[2],"12":[6],"13":[2],"14":[4],"15":[2],"16":[2],"17":[5],"18":[5],"19":[5],"20":[1],"21":[1]},"fnMap":{"0":{"name":"Object.<anonymous>","decl":{"start":{"line":1,"column":0},"end":{"line":61,"column":28}},"loc":{"start":{"line":1,"column":0},"end":{"line":61,"column":28}},"line":1},"1":{"name":"Chartless","decl":{"start":{"line":5,"column":4},"end":{"line":6,"column":5}},"loc":{"start":{"line":5,"column":4},"end":{"line":6,"column":5}},"line":5},"2":{"name":"Object.<anonymous>.Chartless.generateDocument","decl":{"start":{"line":7,"column":33},"end":{"line":12,"column":5}},"loc":{"start":{"line":7,"column":33},"end":{"line":12,"column":5}},"line":7},"3":{"name":"Object.<anonymous>.Chartless.createSvgElement","decl":{"start":{"line":13,"column":33},"end":{"line":15,"column":5}},"loc":{"start":{"line":13,"column":33},"end":{"line":15,"column":5}},"line":13},"4":{"name":"Object.<anonymous>.Chartless.setAttributes","decl":{"start":{"line":16,"column":30},"end":{"line":18,"column":5}},"loc":{"start":{"line":16,"column":30},"end":{"line":18,"column":5}},"line":16},"5":{"name":"Object.<anonymous>.Chartless.line","decl":{"start":{"line":19,"column":21},"end":{"line":21,"column":5}},"loc":{"start":{"line":19,"column":21},"end":{"line":21,"column":5}},"line":19},"6":{"name":"Object.<anonymous>.Chartless.smooth","decl":{"start":{"line":22,"column":23},"end":{"line":31,"column":5}},"loc":{"start":{"line":22,"column":23},"end":{"line":31,"column":5}},"line":22},"7":{"name":"Object.<anonymous>.Chartless.pathD","decl":{"start":{"line":32,"column":22},"end":{"line":39,"column":5}},"loc":{"start":{"line":32,"column":22},"end":{"line":39,"column":5}},"line":32},"8":{"name":"Object.<anonymous>.Chartless.add","decl":{"start":{"line":40,"column":20},"end":{"line":42,"column":5}},"loc":{"start":{"line":40,"column":20},"end":{"line":42,"column":5}},"line":40},"9":{"name":"Object.<anonymous>.Chartless.sub","decl":{"start":{"line":43,"column":20},"end":{"line":45,"column":5}},"loc":{"start":{"line":43,"column":20},"end":{"line":45,"column":5}},"line":43},"10":{"name":"Object.<anonymous>.Chartless.scale","decl":{"start":{"line":46,"column":22},"end":{"line":48,"column":5}},"loc":{"start":{"line":46,"column":22},"end":{"line":48,"column":5}},"line":46},"11":{"name":"Object.<anonymous>.Chartless.getRandomNumber","decl":{"start":{"line":49,"column":32},"end":{"line":53,"column":5}},"loc":{"start":{"line":49,"column":32},"end":{"line":53,"column":5}},"line":49},"12":{"name":"Object.<anonymous>.Chartless.getRandomHexColor","decl":{"start":{"line":54,"column":34},"end":{"line":58,"column":5}},"loc":{"start":{"line":54,"column":34},"end":{"line":58,"column":5}},"line":54}},"f":{"0":1,"1":0,"2":2,"3":1,"4":1,"5":3,"6":2,"7":2,"8":5,"9":5,"10":5,"11":1,"12":1}}
,"/Users/eitanprince/Documents/Projects/chartless/src/index.ts": {"path":"/Users/eitanprince/Documents/Projects/chartless/src/index.ts","all":false,"statementMap":{"0":{"start":{"line":1,"column":0},"end":{"line":1,"column":45}},"1":{"start":{"line":2,"column":0},"end":{"line":2,"column":30}},"2":{"start":{"line":3,"column":0},"end":{"line":3,"column":0}},"3":{"start":{"line":4,"column":0},"end":{"line":4,"column":17}},"4":{"start":{"line":5,"column":0},"end":{"line":5,"column":56}},"5":{"start":{"line":6,"column":0},"end":{"line":6,"column":49}},"6":{"start":{"line":7,"column":0},"end":{"line":7,"column":78}},"7":{"start":{"line":8,"column":0},"end":{"line":8,"column":60}},"8":{"start":{"line":9,"column":0},"end":{"line":9,"column":54}},"9":{"start":{"line":10,"column":0},"end":{"line":10,"column":3}},"10":{"start":{"line":11,"column":0},"end":{"line":11,"column":0}},"11":{"start":{"line":12,"column":0},"end":{"line":12,"column":78}},"12":{"start":{"line":13,"column":0},"end":{"line":13,"column":77}},"13":{"start":{"line":14,"column":0},"end":{"line":14,"column":3}},"14":{"start":{"line":15,"column":0},"end":{"line":15,"column":0}},"15":{"start":{"line":16,"column":0},"end":{"line":16,"column":23}},"16":{"start":{"line":17,"column":0},"end":{"line":17,"column":21}},"17":{"start":{"line":18,"column":0},"end":{"line":18,"column":48}},"18":{"start":{"line":19,"column":0},"end":{"line":19,"column":11}},"19":{"start":{"line":20,"column":0},"end":{"line":20,"column":77}},"20":{"start":{"line":21,"column":0},"end":{"line":21,"column":3}},"21":{"start":{"line":22,"column":0},"end":{"line":22,"column":0}},"22":{"start":{"line":23,"column":0},"end":{"line":23,"column":37}},"23":{"start":{"line":24,"column":0},"end":{"line":24,"column":37}},"24":{"start":{"line":25,"column":0},"end":{"line":25,"column":3}},"25":{"start":{"line":26,"column":0},"end":{"line":26,"column":0}},"26":{"start":{"line":27,"column":0},"end":{"line":27,"column":63}},"27":{"start":{"line":28,"column":0},"end":{"line":28,"column":27}},"28":{"start":{"line":29,"column":0},"end":{"line":29,"column":33}},"29":{"start":{"line":30,"column":0},"end":{"line":30,"column":27}},"30":{"start":{"line":31,"column":0},"end":{"line":31,"column":0}},"31":{"start":{"line":32,"column":0},"end":{"line":32,"column":42}},"32":{"start":{"line":33,"column":0},"end":{"line":33,"column":40}},"33":{"start":{"line":34,"column":0},"end":{"line":34,"column":0}},"34":{"start":{"line":35,"column":0},"end":{"line":35,"column":34}},"35":{"start":{"line":36,"column":0},"end":{"line":36,"column":13}},"36":{"start":{"line":37,"column":0},"end":{"line":37,"column":50}},"37":{"start":{"line":38,"column":0},"end":{"line":38,"column":6}},"38":{"start":{"line":39,"column":0},"end":{"line":39,"column":32}},"39":{"start":{"line":40,"column":0},"end":{"line":40,"column":11}},"40":{"start":{"line":41,"column":0},"end":{"line":41,"column":52}},"41":{"start":{"line":42,"column":0},"end":{"line":42,"column":6}},"42":{"start":{"line":43,"column":0},"end":{"line":43,"column":0}},"43":{"start":{"line":44,"column":0},"end":{"line":44,"column":105}},"44":{"start":{"line":45,"column":0},"end":{"line":45,"column":3}},"45":{"start":{"line":46,"column":0},"end":{"line":46,"column":0}},"46":{"start":{"line":47,"column":0},"end":{"line":47,"column":69}},"47":{"start":{"line":48,"column":0},"end":{"line":48,"column":25}},"48":{"start":{"line":49,"column":0},"end":{"line":49,"column":25}},"49":{"start":{"line":50,"column":0},"end":{"line":50,"column":15}},"50":{"start":{"line":51,"column":0},"end":{"line":51,"column":37}},"51":{"start":{"line":52,"column":0},"end":{"line":52,"column":20}},"52":{"start":{"line":53,"column":0},"end":{"line":53,"column":78}},"53":{"start":{"line":54,"column":0},"end":{"line":54,"column":15}},"54":{"start":{"line":55,"column":0},"end":{"line":55,"column":8}},"55":{"start":{"line":56,"column":0},"end":{"line":56,"column":6}},"56":{"start":{"line":57,"column":0},"end":{"line":57,"column":3}},"57":{"start":{"line":58,"column":0},"end":{"line":58,"column":0}},"58":{"start":{"line":59,"column":0},"end":{"line":59,"column":51}},"59":{"start":{"line":60,"column":0},"end":{"line":60,"column":62}},"60":{"start":{"line":61,"column":0},"end":{"line":61,"column":3}},"61":{"start":{"line":62,"column":0},"end":{"line":62,"column":0}},"62":{"start":{"line":63,"column":0},"end":{"line":63,"column":51}},"63":{"start":{"line":64,"column":0},"end":{"line":64,"column":62}},"64":{"start":{"line":65,"column":0},"end":{"line":65,"column":3}},"65":{"start":{"line":66,"column":0},"end":{"line":66,"column":0}},"66":{"start":{"line":67,"column":0},"end":{"line":67,"column":48}},"67":{"start":{"line":68,"column":0},"end":{"line":68,"column":46}},"68":{"start":{"line":69,"column":0},"end":{"line":69,"column":3}},"69":{"start":{"line":70,"column":0},"end":{"line":70,"column":0}},"70":{"start":{"line":71,"column":0},"end":{"line":71,"column":60}},"71":{"start":{"line":72,"column":0},"end":{"line":72,"column":40}},"72":{"start":{"line":73,"column":0},"end":{"line":73,"column":63}},"73":{"start":{"line":74,"column":0},"end":{"line":74,"column":0}},"74":{"start":{"line":75,"column":0},"end":{"line":75,"column":24}},"75":{"start":{"line":76,"column":0},"end":{"line":76,"column":3}},"76":{"start":{"line":77,"column":0},"end":{"line":77,"column":0}},"77":{"start":{"line":78,"column":0},"end":{"line":78,"column":38}},"78":{"start":{"line":79,"column":0},"end":{"line":79,"column":59}},"79":{"start":{"line":80,"column":0},"end":{"line":80,"column":61}},"80":{"start":{"line":81,"column":0},"end":{"line":81,"column":26}},"81":{"start":{"line":82,"column":0},"end":{"line":82,"column":3}},"82":{"start":{"line":83,"column":0},"end":{"line":83,"column":1}},"83":{"start":{"line":84,"column":0},"end":{"line":84,"column":0}},"84":{"start":{"line":85,"column":0},"end":{"line":85,"column":25}}},"s":{"0":1,"1":1,"2":1,"3":0,"4":0,"5":2,"6":2,"7":2,"8":2,"9":2,"10":0,"11":0,"12":1,"13":1,"14":0,"15":0,"16":1,"17":1,"18":1,"19":1,"20":1,"21":0,"22":0,"23":3,"24":3,"25":0,"26":0,"27":2,"28":2,"29":2,"30":2,"31":2,"32":2,"33":2,"34":2,"35":2,"36":2,"37":2,"38":2,"39":2,"40":2,"41":2,"42":2,"43":2,"44":2,"45":0,"46":0,"47":2,"48":2,"49":2,"50":2,"51":2,"52":4,"53":2,"54":2,"55":2,"56":2,"57":0,"58":0,"59":5,"60":5,"61":0,"62":0,"63":5,"64":5,"65":0,"66":0,"67":5,"68":5,"69":0,"70":0,"71":1,"72":1,"73":1,"74":1,"75":1,"76":0,"77":0,"78":1,"79":1,"80":1,"81":1,"82":0,"83":1,"84":1},"branchMap":{"0":{"type":"branch","line":4,"loc":{"start":{"line":4,"column":0},"end":{"line":83,"column":1}},"locations":[{"start":{"line":4,"column":0},"end":{"line":83,"column":1}}]},"1":{"type":"branch","line":5,"loc":{"start":{"line":5,"column":2},"end":{"line":10,"column":3}},"locations":[{"start":{"line":5,"column":2},"end":{"line":10,"column":3}}]},"2":{"type":"branch","line":12,"loc":{"start":{"line":12,"column":2},"end":{"line":14,"column":3}},"locations":[{"start":{"line":12,"column":2},"end":{"line":14,"column":3}}]},"3":{"type":"branch","line":16,"loc":{"start":{"line":16,"column":2},"end":{"line":21,"column":3}},"locations":[{"start":{"line":16,"column":2},"end":{"line":21,"column":3}}]},"4":{"type":"branch","line":20,"loc":{"start":{"line":20,"column":23},"end":{"line":20,"column":40}},"locations":[{"start":{"line":20,"column":23},"end":{"line":20,"column":40}}]},"5":{"type":"branch","line":23,"loc":{"start":{"line":23,"column":2},"end":{"line":25,"column":3}},"locations":[{"start":{"line":23,"column":2},"end":{"line":25,"column":3}}]},"6":{"type":"branch","line":27,"loc":{"start":{"line":27,"column":2},"end":{"line":45,"column":3}},"locations":[{"start":{"line":27,"column":2},"end":{"line":45,"column":3}}]},"7":{"type":"branch","line":32,"loc":{"start":{"line":32,"column":31},"end":{"line":32,"column":41}},"locations":[{"start":{"line":32,"column":31},"end":{"line":32,"column":41}}]},"8":{"type":"branch","line":33,"loc":{"start":{"line":33,"column":31},"end":{"line":33,"column":39}},"locations":[{"start":{"line":33,"column":31},"end":{"line":33,"column":39}}]},"9":{"type":"branch","line":47,"loc":{"start":{"line":47,"column":2},"end":{"line":57,"column":3}},"locations":[{"start":{"line":47,"column":2},"end":{"line":57,"column":3}}]},"10":{"type":"branch","line":49,"loc":{"start":{"line":49,"column":6},"end":{"line":50,"column":9}},"locations":[{"start":{"line":49,"column":6},"end":{"line":50,"column":9}}]},"11":{"type":"branch","line":51,"loc":{"start":{"line":51,"column":10},"end":{"line":51,"column":37}},"locations":[{"start":{"line":51,"column":10},"end":{"line":51,"column":37}}]},"12":{"type":"branch","line":52,"loc":{"start":{"line":52,"column":10},"end":{"line":53,"column":78}},"locations":[{"start":{"line":52,"column":10},"end":{"line":53,"column":78}}]},"13":{"type":"branch","line":53,"loc":{"start":{"line":53,"column":33},"end":{"line":53,"column":51}},"locations":[{"start":{"line":53,"column":33},"end":{"line":53,"column":51}}]},"14":{"type":"branch","line":53,"loc":{"start":{"line":53,"column":52},"end":{"line":53,"column":78}},"locations":[{"start":{"line":53,"column":52},"end":{"line":53,"column":78}}]},"15":{"type":"branch","line":59,"loc":{"start":{"line":59,"column":2},"end":{"line":61,"column":3}},"locations":[{"start":{"line":59,"column":2},"end":{"line":61,"column":3}}]},"16":{"type":"branch","line":63,"loc":{"start":{"line":63,"column":2},"end":{"line":65,"column":3}},"locations":[{"start":{"line":63,"column":2},"end":{"line":65,"column":3}}]},"17":{"type":"branch","line":67,"loc":{"start":{"line":67,"column":2},"end":{"line":69,"column":3}},"locations":[{"start":{"line":67,"column":2},"end":{"line":69,"column":3}}]},"18":{"type":"branch","line":71,"loc":{"start":{"line":71,"column":2},"end":{"line":76,"column":3}},"locations":[{"start":{"line":71,"column":2},"end":{"line":76,"column":3}}]},"19":{"type":"branch","line":78,"loc":{"start":{"line":78,"column":2},"end":{"line":82,"column":3}},"locations":[{"start":{"line":78,"column":2},"end":{"line":82,"column":3}}]}},"b":{"0":[1],"1":[2],"2":[1],"3":[1],"4":[1],"5":[3],"6":[2],"7":[1],"8":[1],"9":[2],"10":[6],"11":[2],"12":[4],"13":[2],"14":[2],"15":[5],"16":[5],"17":[5],"18":[1],"19":[1]},"fnMap":{"0":{"name":"Chartless","decl":{"start":{"line":4,"column":0},"end":{"line":83,"column":1}},"loc":{"start":{"line":4,"column":0},"end":{"line":83,"column":1}},"line":4},"1":{"name":"Object.<anonymous>.Chartless.generateDocument","decl":{"start":{"line":5,"column":2},"end":{"line":10,"column":3}},"loc":{"start":{"line":5,"column":2},"end":{"line":10,"column":3}},"line":5},"2":{"name":"Object.<anonymous>.Chartless.createSvgElement","decl":{"start":{"line":12,"column":2},"end":{"line":14,"column":3}},"loc":{"start":{"line":12,"column":2},"end":{"line":14,"column":3}},"line":12},"3":{"name":"Object.<anonymous>.Chartless.setAttributes","decl":{"start":{"line":16,"column":2},"end":{"line":21,"column":3}},"loc":{"start":{"line":16,"column":2},"end":{"line":21,"column":3}},"line":16},"4":{"name":"Object.<anonymous>.Chartless.line","decl":{"start":{"line":23,"column":2},"end":{"line":25,"column":3}},"loc":{"start":{"line":23,"column":2},"end":{"line":25,"column":3}},"line":23},"5":{"name":"Object.<anonymous>.Chartless.smooth","decl":{"start":{"line":27,"column":2},"end":{"line":45,"column":3}},"loc":{"start":{"line":27,"column":2},"end":{"line":45,"column":3}},"line":27},"6":{"name":"Object.<anonymous>.Chartless.pathD","decl":{"start":{"line":47,"column":2},"end":{"line":57,"column":3}},"loc":{"start":{"line":47,"column":2},"end":{"line":57,"column":3}},"line":47},"7":{"name":"Object.<anonymous>.Chartless.add","decl":{"start":{"line":59,"column":2},"end":{"line":61,"column":3}},"loc":{"start":{"line":59,"column":2},"end":{"line":61,"column":3}},"line":59},"8":{"name":"Object.<anonymous>.Chartless.sub","decl":{"start":{"line":63,"column":2},"end":{"line":65,"column":3}},"loc":{"start":{"line":63,"column":2},"end":{"line":65,"column":3}},"line":63},"9":{"name":"Object.<anonymous>.Chartless.scale","decl":{"start":{"line":67,"column":2},"end":{"line":69,"column":3}},"loc":{"start":{"line":67,"column":2},"end":{"line":69,"column":3}},"line":67},"10":{"name":"Object.<anonymous>.Chartless.getRandomNumber","decl":{"start":{"line":71,"column":2},"end":{"line":76,"column":3}},"loc":{"start":{"line":71,"column":2},"end":{"line":76,"column":3}},"line":71},"11":{"name":"Object.<anonymous>.Chartless.getRandomHexColor","decl":{"start":{"line":78,"column":2},"end":{"line":82,"column":3}},"loc":{"start":{"line":78,"column":2},"end":{"line":82,"column":3}},"line":78}},"f":{"0":0,"1":2,"2":1,"3":1,"4":3,"5":2,"6":2,"7":5,"8":5,"9":5,"10":1,"11":1}}
}
