TN:
SF:dist/index.js
FN:1,Object.<anonymous>
FN:5,generateDocument
FN:12,createSvgElement
FN:16,setAttributes
FN:20,line
FN:24,smooth
FN:35,pathD
FN:43,add
FN:47,sub
FN:51,scale
FN:55,getRandomNumber
FN:61,getRandomHexColor
FNF:12
FNH:12
FNDA:1,Object.<anonymous>
FNDA:2,generateDocument
FNDA:1,createSvgElement
FNDA:1,setAttributes
FNDA:3,line
FNDA:2,smooth
FNDA:2,pathD
FNDA:5,add
FNDA:5,sub
FNDA:5,scale
FNDA:1,getRandomNumber
FNDA:1,getRandomHexColor
DA:1,1
DA:2,1
DA:3,1
DA:4,1
DA:5,2
DA:6,2
DA:7,2
DA:8,2
DA:9,2
DA:10,2
DA:11,1
DA:12,1
DA:13,1
DA:14,1
DA:15,1
DA:16,1
DA:17,1
DA:18,1
DA:19,1
DA:20,3
DA:21,3
DA:22,3
DA:23,1
DA:24,2
DA:25,2
DA:26,2
DA:27,2
DA:28,2
DA:29,2
DA:30,2
DA:31,2
DA:32,2
DA:33,2
DA:34,1
DA:35,2
DA:36,2
DA:37,6
DA:38,6
DA:39,6
DA:40,2
DA:41,2
DA:42,1
DA:43,5
DA:44,5
DA:45,5
DA:46,1
DA:47,5
DA:48,5
DA:49,5
DA:50,1
DA:51,5
DA:52,5
DA:53,5
DA:54,1
DA:55,1
DA:56,1
DA:57,1
DA:58,1
DA:59,1
DA:60,1
DA:61,1
DA:62,1
DA:63,1
DA:64,1
DA:65,1
DA:66,1
LF:66
LH:66
BRDA:1,0,0,1
BRDA:1,1,0,1
BRDA:5,2,0,2
BRDA:12,3,0,1
BRDA:16,4,0,1
BRDA:17,5,0,1
BRDA:20,6,0,3
BRDA:24,7,0,2
BRDA:28,8,0,1
BRDA:29,9,0,1
BRDA:35,10,0,2
BRDA:36,11,0,6
BRDA:38,12,0,2
BRDA:39,13,0,4
BRDA:39,14,0,2
BRDA:39,15,0,2
BRDA:43,16,0,5
BRDA:47,17,0,5
BRDA:51,18,0,5
BRDA:55,19,0,1
BRDA:61,20,0,1
BRF:21
BRH:21
end_of_record
TN:
SF:dist/src/index.js
FN:1,Object.<anonymous>
FN:5,Chartless
FN:7,Object.<anonymous>.Chartless.generateDocument
FN:13,Object.<anonymous>.Chartless.createSvgElement
FN:16,Object.<anonymous>.Chartless.setAttributes
FN:19,Object.<anonymous>.Chartless.line
FN:22,Object.<anonymous>.Chartless.smooth
FN:32,Object.<anonymous>.Chartless.pathD
FN:40,Object.<anonymous>.Chartless.add
FN:43,Object.<anonymous>.Chartless.sub
FN:46,Object.<anonymous>.Chartless.scale
FN:49,Object.<anonymous>.Chartless.getRandomNumber
FN:54,Object.<anonymous>.Chartless.getRandomHexColor
FNF:13
FNH:12
FNDA:1,Object.<anonymous>
FNDA:0,Chartless
FNDA:2,Object.<anonymous>.Chartless.generateDocument
FNDA:1,Object.<anonymous>.Chartless.createSvgElement
FNDA:1,Object.<anonymous>.Chartless.setAttributes
FNDA:3,Object.<anonymous>.Chartless.line
FNDA:2,Object.<anonymous>.Chartless.smooth
FNDA:2,Object.<anonymous>.Chartless.pathD
FNDA:5,Object.<anonymous>.Chartless.add
FNDA:5,Object.<anonymous>.Chartless.sub
FNDA:5,Object.<anonymous>.Chartless.scale
FNDA:1,Object.<anonymous>.Chartless.getRandomNumber
FNDA:1,Object.<anonymous>.Chartless.getRandomHexColor
DA:1,1
DA:2,1
DA:3,1
DA:4,1
DA:5,1
DA:6,0
DA:7,1
DA:8,2
DA:9,2
DA:10,2
DA:11,2
DA:12,1
DA:13,1
DA:14,1
DA:15,1
DA:16,1
DA:17,1
DA:18,1
DA:19,1
DA:20,3
DA:21,1
DA:22,1
DA:23,2
DA:24,2
DA:25,2
DA:26,2
DA:27,2
DA:28,2
DA:29,2
DA:30,2
DA:31,1
DA:32,1
DA:33,2
DA:34,2
DA:35,6
DA:36,6
DA:37,6
DA:38,2
DA:39,1
DA:40,1
DA:41,5
DA:42,1
DA:43,1
DA:44,5
DA:45,1
DA:46,1
DA:47,5
DA:48,1
DA:49,1
DA:50,1
DA:51,1
DA:52,1
DA:53,1
DA:54,1
DA:55,1
DA:56,1
DA:57,1
DA:58,1
DA:59,1
DA:60,1
DA:61,1
LF:61
LH:60
BRDA:1,0,0,1
BRDA:1,1,0,1
BRDA:4,2,0,1
BRDA:7,3,0,2
BRDA:13,4,0,1
BRDA:16,5,0,1
BRDA:17,6,0,1
BRDA:19,7,0,3
BRDA:22,8,0,2
BRDA:26,9,0,1
BRDA:27,10,0,1
BRDA:32,11,0,2
BRDA:34,12,0,6
BRDA:36,13,0,2
BRDA:37,14,0,4
BRDA:37,15,0,2
BRDA:37,16,0,2
BRDA:40,17,0,5
BRDA:43,18,0,5
BRDA:46,19,0,5
BRDA:49,20,0,1
BRDA:54,21,0,1
BRF:22
BRH:22
end_of_record
TN:
SF:src/index.ts
FN:4,generateDocument
FN:11,createSvgElement
FN:18,setAttributes
FN:25,line
FN:29,smooth
FN:43,pathD
FN:53,add
FN:57,sub
FN:61,scale
FN:65,getRandomNumber
FN:72,getRandomHexColor
FNF:11
FNH:11
FNDA:2,generateDocument
FNDA:1,createSvgElement
FNDA:1,setAttributes
FNDA:3,line
FNDA:2,smooth
FNDA:2,pathD
FNDA:5,add
FNDA:5,sub
FNDA:5,scale
FNDA:1,getRandomNumber
FNDA:1,getRandomHexColor
DA:1,1
DA:2,1
DA:3,1
DA:4,2
DA:5,2
DA:6,2
DA:7,2
DA:8,2
DA:9,2
DA:10,1
DA:11,1
DA:12,1
DA:13,1
DA:14,1
DA:15,1
DA:16,1
DA:17,1
DA:18,1
DA:19,1
DA:20,1
DA:21,1
DA:22,1
DA:23,1
DA:24,1
DA:25,3
DA:26,3
DA:27,3
DA:28,1
DA:29,2
DA:30,2
DA:31,2
DA:32,2
DA:33,2
DA:34,2
DA:35,2
DA:36,2
DA:37,2
DA:38,2
DA:39,2
DA:40,2
DA:41,2
DA:42,1
DA:43,2
DA:44,2
DA:45,2
DA:46,2
DA:47,2
DA:48,2
DA:49,2
DA:50,2
DA:51,2
DA:52,1
DA:53,5
DA:54,5
DA:55,5
DA:56,1
DA:57,5
DA:58,5
DA:59,5
DA:60,1
DA:61,5
DA:62,5
DA:63,5
DA:64,1
DA:65,1
DA:66,1
DA:67,1
DA:68,1
DA:69,1
DA:70,1
DA:71,1
DA:72,1
DA:73,1
DA:74,1
DA:75,1
DA:76,1
LF:76
LH:76
BRDA:4,0,0,2
BRDA:11,1,0,1
BRDA:18,2,0,1
BRDA:22,3,0,1
BRDA:25,4,0,3
BRDA:29,5,0,2
BRDA:34,6,0,1
BRDA:35,7,0,1
BRDA:43,8,0,2
BRDA:45,9,0,6
BRDA:47,10,0,2
BRDA:48,11,0,4
BRDA:48,12,0,2
BRDA:48,13,0,2
BRDA:53,14,0,5
BRDA:57,15,0,5
BRDA:61,16,0,5
BRDA:65,17,0,1
BRDA:72,18,0,1
BRF:19
BRH:19
end_of_record
