TN:
SF:dist/index.js
FN:1,Object.<anonymous>
FN:5,Chartless
FN:7,Object.<anonymous>.Chartless.generateDocument
FN:13,Object.<anonymous>.Chartless.createSvgElement
FN:16,Object.<anonymous>.Chartless.setAttributes
FN:19,Object.<anonymous>.Chartless.line
FN:22,Object.<anonymous>.Chartless.smooth
FN:32,Object.<anonymous>.Chartless.pathD
FN:40,Object.<anonymous>.Chartless.add
FN:43,Object.<anonymous>.Chartless.sub
FN:46,Object.<anonymous>.Chartless.scale
FN:49,Object.<anonymous>.Chartless.getRandomNumber
FN:54,Object.<anonymous>.Chartless.getRandomHexColor
FNF:13
FNH:12
FNDA:1,Object.<anonymous>
FNDA:0,Chartless
FNDA:2,Object.<anonymous>.Chartless.generateDocument
FNDA:1,Object.<anonymous>.Chartless.createSvgElement
FNDA:1,Object.<anonymous>.Chartless.setAttributes
FNDA:3,Object.<anonymous>.Chartless.line
FNDA:2,Object.<anonymous>.Chartless.smooth
FNDA:2,Object.<anonymous>.Chartless.pathD
FNDA:5,Object.<anonymous>.Chartless.add
FNDA:5,Object.<anonymous>.Chartless.sub
FNDA:5,Object.<anonymous>.Chartless.scale
FNDA:1,Object.<anonymous>.Chartless.getRandomNumber
FNDA:1,Object.<anonymous>.Chartless.getRandomHexColor
DA:1,1
DA:2,1
DA:3,1
DA:4,1
DA:5,1
DA:6,0
DA:7,1
DA:8,2
DA:9,2
DA:10,2
DA:11,2
DA:12,1
DA:13,1
DA:14,1
DA:15,1
DA:16,1
DA:17,1
DA:18,1
DA:19,1
DA:20,3
DA:21,1
DA:22,1
DA:23,2
DA:24,2
DA:25,2
DA:26,2
DA:27,2
DA:28,2
DA:29,2
DA:30,2
DA:31,1
DA:32,1
DA:33,2
DA:34,2
DA:35,6
DA:36,6
DA:37,6
DA:38,2
DA:39,1
DA:40,1
DA:41,5
DA:42,1
DA:43,1
DA:44,5
DA:45,1
DA:46,1
DA:47,5
DA:48,1
DA:49,1
DA:50,1
DA:51,1
DA:52,1
DA:53,1
DA:54,1
DA:55,1
DA:56,1
DA:57,1
DA:58,1
DA:59,1
DA:60,1
DA:61,1
LF:61
LH:60
BRDA:1,0,0,1
BRDA:1,1,0,1
BRDA:4,2,0,1
BRDA:7,3,0,2
BRDA:13,4,0,1
BRDA:16,5,0,1
BRDA:17,6,0,1
BRDA:19,7,0,3
BRDA:22,8,0,2
BRDA:26,9,0,1
BRDA:27,10,0,1
BRDA:32,11,0,2
BRDA:34,12,0,6
BRDA:36,13,0,2
BRDA:37,14,0,4
BRDA:37,15,0,2
BRDA:37,16,0,2
BRDA:40,17,0,5
BRDA:43,18,0,5
BRDA:46,19,0,5
BRDA:49,20,0,1
BRDA:54,21,0,1
BRF:22
BRH:22
end_of_record
TN:
SF:dist/src/index.js
FN:1,Object.<anonymous>
FN:5,Chartless
FN:7,Object.<anonymous>.Chartless.generateDocument
FN:13,Object.<anonymous>.Chartless.createSvgElement
FN:16,Object.<anonymous>.Chartless.setAttributes
FN:19,Object.<anonymous>.Chartless.line
FN:22,Object.<anonymous>.Chartless.smooth
FN:32,Object.<anonymous>.Chartless.pathD
FN:40,Object.<anonymous>.Chartless.add
FN:43,Object.<anonymous>.Chartless.sub
FN:46,Object.<anonymous>.Chartless.scale
FN:49,Object.<anonymous>.Chartless.getRandomNumber
FN:54,Object.<anonymous>.Chartless.getRandomHexColor
FNF:13
FNH:12
FNDA:1,Object.<anonymous>
FNDA:0,Chartless
FNDA:2,Object.<anonymous>.Chartless.generateDocument
FNDA:1,Object.<anonymous>.Chartless.createSvgElement
FNDA:1,Object.<anonymous>.Chartless.setAttributes
FNDA:3,Object.<anonymous>.Chartless.line
FNDA:2,Object.<anonymous>.Chartless.smooth
FNDA:2,Object.<anonymous>.Chartless.pathD
FNDA:5,Object.<anonymous>.Chartless.add
FNDA:5,Object.<anonymous>.Chartless.sub
FNDA:5,Object.<anonymous>.Chartless.scale
FNDA:1,Object.<anonymous>.Chartless.getRandomNumber
FNDA:1,Object.<anonymous>.Chartless.getRandomHexColor
DA:1,1
DA:2,1
DA:3,1
DA:4,1
DA:5,1
DA:6,0
DA:7,1
DA:8,2
DA:9,2
DA:10,2
DA:11,2
DA:12,1
DA:13,1
DA:14,1
DA:15,1
DA:16,1
DA:17,1
DA:18,1
DA:19,1
DA:20,3
DA:21,1
DA:22,1
DA:23,2
DA:24,2
DA:25,2
DA:26,2
DA:27,2
DA:28,2
DA:29,2
DA:30,2
DA:31,1
DA:32,1
DA:33,2
DA:34,2
DA:35,6
DA:36,6
DA:37,6
DA:38,2
DA:39,1
DA:40,1
DA:41,5
DA:42,1
DA:43,1
DA:44,5
DA:45,1
DA:46,1
DA:47,5
DA:48,1
DA:49,1
DA:50,1
DA:51,1
DA:52,1
DA:53,1
DA:54,1
DA:55,1
DA:56,1
DA:57,1
DA:58,1
DA:59,1
DA:60,1
DA:61,1
LF:61
LH:60
BRDA:1,0,0,1
BRDA:1,1,0,1
BRDA:4,2,0,1
BRDA:7,3,0,2
BRDA:13,4,0,1
BRDA:16,5,0,1
BRDA:17,6,0,1
BRDA:19,7,0,3
BRDA:22,8,0,2
BRDA:26,9,0,1
BRDA:27,10,0,1
BRDA:32,11,0,2
BRDA:34,12,0,6
BRDA:36,13,0,2
BRDA:37,14,0,4
BRDA:37,15,0,2
BRDA:37,16,0,2
BRDA:40,17,0,5
BRDA:43,18,0,5
BRDA:46,19,0,5
BRDA:49,20,0,1
BRDA:54,21,0,1
BRF:22
BRH:22
end_of_record
TN:
SF:src/index.ts
FN:4,Chartless
FN:5,Object.<anonymous>.Chartless.generateDocument
FN:12,Object.<anonymous>.Chartless.createSvgElement
FN:16,Object.<anonymous>.Chartless.setAttributes
FN:23,Object.<anonymous>.Chartless.line
FN:27,Object.<anonymous>.Chartless.smooth
FN:47,Object.<anonymous>.Chartless.pathD
FN:59,Object.<anonymous>.Chartless.add
FN:63,Object.<anonymous>.Chartless.sub
FN:67,Object.<anonymous>.Chartless.scale
FN:71,Object.<anonymous>.Chartless.getRandomNumber
FN:78,Object.<anonymous>.Chartless.getRandomHexColor
FNF:12
FNH:11
FNDA:0,Chartless
FNDA:2,Object.<anonymous>.Chartless.generateDocument
FNDA:1,Object.<anonymous>.Chartless.createSvgElement
FNDA:1,Object.<anonymous>.Chartless.setAttributes
FNDA:3,Object.<anonymous>.Chartless.line
FNDA:2,Object.<anonymous>.Chartless.smooth
FNDA:2,Object.<anonymous>.Chartless.pathD
FNDA:5,Object.<anonymous>.Chartless.add
FNDA:5,Object.<anonymous>.Chartless.sub
FNDA:5,Object.<anonymous>.Chartless.scale
FNDA:1,Object.<anonymous>.Chartless.getRandomNumber
FNDA:1,Object.<anonymous>.Chartless.getRandomHexColor
DA:1,1
DA:2,1
DA:3,1
DA:4,0
DA:5,0
DA:6,2
DA:7,2
DA:8,2
DA:9,2
DA:10,2
DA:11,0
DA:12,0
DA:13,1
DA:14,1
DA:15,0
DA:16,0
DA:17,1
DA:18,1
DA:19,1
DA:20,1
DA:21,1
DA:22,0
DA:23,0
DA:24,3
DA:25,3
DA:26,0
DA:27,0
DA:28,2
DA:29,2
DA:30,2
DA:31,2
DA:32,2
DA:33,2
DA:34,2
DA:35,2
DA:36,2
DA:37,2
DA:38,2
DA:39,2
DA:40,2
DA:41,2
DA:42,2
DA:43,2
DA:44,2
DA:45,2
DA:46,0
DA:47,0
DA:48,2
DA:49,2
DA:50,2
DA:51,2
DA:52,2
DA:53,4
DA:54,2
DA:55,2
DA:56,2
DA:57,2
DA:58,0
DA:59,0
DA:60,5
DA:61,5
DA:62,0
DA:63,0
DA:64,5
DA:65,5
DA:66,0
DA:67,0
DA:68,5
DA:69,5
DA:70,0
DA:71,0
DA:72,1
DA:73,1
DA:74,1
DA:75,1
DA:76,1
DA:77,0
DA:78,0
DA:79,1
DA:80,1
DA:81,1
DA:82,1
DA:83,0
DA:84,1
DA:85,1
LF:85
LH:62
BRDA:4,0,0,1
BRDA:5,1,0,2
BRDA:12,2,0,1
BRDA:16,3,0,1
BRDA:20,4,0,1
BRDA:23,5,0,3
BRDA:27,6,0,2
BRDA:32,7,0,1
BRDA:33,8,0,1
BRDA:47,9,0,2
BRDA:49,10,0,6
BRDA:51,11,0,2
BRDA:52,12,0,4
BRDA:53,13,0,2
BRDA:53,14,0,2
BRDA:59,15,0,5
BRDA:63,16,0,5
BRDA:67,17,0,5
BRDA:71,18,0,1
BRDA:78,19,0,1
BRF:20
BRH:20
end_of_record
